Log file open, 03/26/17 08:28:38
LogInit:Display: Running engine for game: SpaceShooterTemplate
LogPlatformFile: Not using cached read wrapper
LogInit:Display: RandInit(-1281656605) SRandInit(-1281656605).
LogTaskGraph: Started task graph with 5 named threads and 8 total threads with 1 sets of task threads.
LogStats: Stats thread started at 0.252781
LogPluginManager: Loaded Plugin Paper2D, From C:/Program Files/Epic Games/UE_4.14/Engine/Plugins/2D/Paper2D/Paper2D.uplugin
LogPluginManager: Loaded Plugin LightPropagationVolume, From C:/Program Files/Epic Games/UE_4.14/Engine/Plugins/Blendables/LightPropagationVolume/LightPropagationVolume.uplugin
LogPluginManager: Loaded Plugin BlankPlugin, From C:/Program Files/Epic Games/UE_4.14/Engine/Plugins/Developer/BlankPlugin/BlankPlugin.uplugin
LogPluginManager: Loaded Plugin CodeLiteSourceCodeAccess, From C:/Program Files/Epic Games/UE_4.14/Engine/Plugins/Developer/CodeLiteSourceCodeAccess/CodeLiteSourceCodeAccess.uplugin
LogPluginManager: Loaded Plugin GitSourceControl, From C:/Program Files/Epic Games/UE_4.14/Engine/Plugins/Developer/GitSourceControl/GitSourceControl.uplugin
LogPluginManager: Loaded Plugin KDevelopSourceCodeAccess, From C:/Program Files/Epic Games/UE_4.14/Engine/Plugins/Developer/KDevelopSourceCodeAccess/KDevelopSourceCodeAccess.uplugin
LogPluginManager: Loaded Plugin NullSourceCodeAccess, From C:/Program Files/Epic Games/UE_4.14/Engine/Plugins/Developer/NullSourceCodeAccess/NullSourceCodeAccess.uplugin
LogPluginManager: Loaded Plugin OneSkyLocalizationService, From C:/Program Files/Epic Games/UE_4.14/Engine/Plugins/Developer/OneSkyLocalizationService/OneSkyLocalizationService.uplugin
LogPluginManager: Loaded Plugin PerforceSourceControl, From C:/Program Files/Epic Games/UE_4.14/Engine/Plugins/Developer/PerforceSourceControl/PerforceSourceControl.uplugin
LogPluginManager: Loaded Plugin SubversionSourceControl, From C:/Program Files/Epic Games/UE_4.14/Engine/Plugins/Developer/SubversionSourceControl/SubversionSourceControl.uplugin
LogPluginManager: Loaded Plugin UObjectPlugin, From C:/Program Files/Epic Games/UE_4.14/Engine/Plugins/Developer/UObjectPlugin/UObjectPlugin.uplugin
LogPluginManager: Loaded Plugin VisualStudioSourceCodeAccess, From C:/Program Files/Epic Games/UE_4.14/Engine/Plugins/Developer/VisualStudioSourceCodeAccess/VisualStudioSourceCodeAccess.uplugin
LogPluginManager: Loaded Plugin XCodeSourceCodeAccess, From C:/Program Files/Epic Games/UE_4.14/Engine/Plugins/Developer/XCodeSourceCodeAccess/XCodeSourceCodeAccess.uplugin
LogPluginManager: Loaded Plugin AudioCapture, From C:/Program Files/Epic Games/UE_4.14/Engine/Plugins/Editor/AudioCapture/AudioCapture.uplugin
LogPluginManager: Loaded Plugin EpicSurvey, From C:/Program Files/Epic Games/UE_4.14/Engine/Plugins/Editor/EpicSurvey/EpicSurvey.uplugin
LogPluginManager: Loaded Plugin MacGraphicsSwitching, From C:/Program Files/Epic Games/UE_4.14/Engine/Plugins/Editor/MacGraphicsSwitching/MacGraphicsSwitching.uplugin
LogPluginManager: Loaded Plugin MobileLauncherProfileWizard, From C:/Program Files/Epic Games/UE_4.14/Engine/Plugins/Editor/MobileLauncherProfileWizard/MobileLauncherProfileWizard.uplugin
LogPluginManager: Loaded Plugin PluginBrowser, From C:/Program Files/Epic Games/UE_4.14/Engine/Plugins/Editor/PluginBrowser/PluginBrowser.uplugin
LogPluginManager: Loaded Plugin SpeedTreeImporter, From C:/Program Files/Epic Games/UE_4.14/Engine/Plugins/Editor/SpeedTreeImporter/SpeedTreeImporter.uplugin
LogPluginManager: Loaded Plugin SuperSearchEditor, From C:/Program Files/Epic Games/UE_4.14/Engine/Plugins/Editor/SuperSearchEditor/SuperSearchEditor.uplugin
LogPluginManager: Loaded Plugin AlembicImporter, From C:/Program Files/Epic Games/UE_4.14/Engine/Plugins/Experimental/AlembicImporter/AlembicImporter.uplugin
LogPluginManager: Loaded Plugin BlueprintStats, From C:/Program Files/Epic Games/UE_4.14/Engine/Plugins/Experimental/BlueprintStats/BlueprintStats.uplugin
LogPluginManager: Loaded Plugin CharacterAI, From C:/Program Files/Epic Games/UE_4.14/Engine/Plugins/Experimental/CharacterAI/CharacterAI.uplugin
LogPluginManager: Loaded Plugin CodeEditor, From C:/Program Files/Epic Games/UE_4.14/Engine/Plugins/Experimental/CodeEditor/CodeEditor.uplugin
LogPluginManager: Loaded Plugin CodeView, From C:/Program Files/Epic Games/UE_4.14/Engine/Plugins/Experimental/CodeView/CodeView.uplugin
LogPluginManager: Loaded Plugin HTML5Networking, From C:/Program Files/Epic Games/UE_4.14/Engine/Plugins/Experimental/HTML5Networking/HTML5Networking.uplugin
LogPluginManager: Loaded Plugin OSVR, From C:/Program Files/Epic Games/UE_4.14/Engine/Plugins/Experimental/OSVR/OSVR.uplugin
LogPluginManager: Loaded Plugin Phya, From C:/Program Files/Epic Games/UE_4.14/Engine/Plugins/Experimental/Phya/Phya.uplugin
LogPluginManager: Loaded Plugin SignificanceManager, From C:/Program Files/Epic Games/UE_4.14/Engine/Plugins/Experimental/SignificanceManager/SignificanceManager.uplugin
LogPluginManager: Loaded Plugin SimpleHMD, From C:/Program Files/Epic Games/UE_4.14/Engine/Plugins/Experimental/SimpleHMD/SimpleHMD.uplugin
LogPluginManager: Loaded Plugin StereoPanorama, From C:/Program Files/Epic Games/UE_4.14/Engine/Plugins/Experimental/StereoPanorama/StereoPanorama.uplugin
LogPluginManager: Loaded Plugin StructBox, From C:/Program Files/Epic Games/UE_4.14/Engine/Plugins/Experimental/StructBox/StructBox.uplugin
LogPluginManager: Loaded Plugin LowEntryExtStdLib, From C:/Program Files/Epic Games/UE_4.14/Engine/Plugins/Marketplace/LowEntryExtStdLib/LowEntryExtStdLib.uplugin
LogPluginManager: Loaded Plugin Substance, From C:/Program Files/Epic Games/UE_4.14/Engine/Plugins/Marketplace/Substance/Substance.uplugin
LogPluginManager: Loaded Plugin AndroidMedia, From C:/Program Files/Epic Games/UE_4.14/Engine/Plugins/Media/AndroidMedia/AndroidMedia.uplugin
LogPluginManager: Loaded Plugin AvfMedia, From C:/Program Files/Epic Games/UE_4.14/Engine/Plugins/Media/AvfMedia/AvfMedia.uplugin
LogPluginManager: Loaded Plugin MediaPlayerEditor, From C:/Program Files/Epic Games/UE_4.14/Engine/Plugins/Media/MediaPlayerEditor/MediaPlayerEditor.uplugin
LogPluginManager: Loaded Plugin WmfMedia, From C:/Program Files/Epic Games/UE_4.14/Engine/Plugins/Media/WmfMedia/WmfMedia.uplugin
LogPluginManager: Loaded Plugin MessagingDebugger, From C:/Program Files/Epic Games/UE_4.14/Engine/Plugins/Messaging/MessagingDebugger/MessagingDebugger.uplugin
LogPluginManager: Loaded Plugin TcpMessaging, From C:/Program Files/Epic Games/UE_4.14/Engine/Plugins/Messaging/TcpMessaging/TcpMessaging.uplugin
LogPluginManager: Loaded Plugin UdpMessaging, From C:/Program Files/Epic Games/UE_4.14/Engine/Plugins/Messaging/UdpMessaging/UdpMessaging.uplugin
LogPluginManager: Loaded Plugin LevelSequenceEditor, From C:/Program Files/Epic Games/UE_4.14/Engine/Plugins/MovieScene/LevelSequenceEditor/LevelSequenceEditor.uplugin
LogPluginManager: Loaded Plugin MatineeToLevelSequence, From C:/Program Files/Epic Games/UE_4.14/Engine/Plugins/MovieScene/MatineeToLevelSequence/MatineeToLevelSequence.uplugin
LogPluginManager: Loaded Plugin NetcodeUnitTest, From C:/Program Files/Epic Games/UE_4.14/Engine/Plugins/NetcodeUnitTest/NetcodeUnitTest/NetcodeUnitTest.uplugin
LogPluginManager: Loaded Plugin NUTUnrealEngine4, From C:/Program Files/Epic Games/UE_4.14/Engine/Plugins/NetcodeUnitTest/NUTUnrealEngine4/NUTUnrealEngine4.uplugin
LogPluginManager: Loaded Plugin OnlineSubsystemGameCircle, From C:/Program Files/Epic Games/UE_4.14/Engine/Plugins/Online/Android/OnlineSubsystemGameCircle/OnlineSubsystemGameCircle.uplugin
LogPluginManager: Loaded Plugin OnlineSubsystemGooglePlay, From C:/Program Files/Epic Games/UE_4.14/Engine/Plugins/Online/Android/OnlineSubsystemGooglePlay/OnlineSubsystemGooglePlay.uplugin
LogPluginManager: Loaded Plugin OnlineSubsystemIOS, From C:/Program Files/Epic Games/UE_4.14/Engine/Plugins/Online/IOS/OnlineSubsystemIOS/OnlineSubsystemIOS.uplugin
LogPluginManager: Loaded Plugin OnlineFramework, From C:/Program Files/Epic Games/UE_4.14/Engine/Plugins/Online/OnlineFramework/OnlineFramework.uplugin
LogPluginManager: Loaded Plugin OnlineSubsystem, From C:/Program Files/Epic Games/UE_4.14/Engine/Plugins/Online/OnlineSubsystem/OnlineSubsystem.uplugin
LogPluginManager: Loaded Plugin OnlineSubsystemAmazon, From C:/Program Files/Epic Games/UE_4.14/Engine/Plugins/Online/OnlineSubsystemAmazon/OnlineSubsystemAmazon.uplugin
LogPluginManager: Loaded Plugin OnlineSubsystemFacebook, From C:/Program Files/Epic Games/UE_4.14/Engine/Plugins/Online/OnlineSubsystemFacebook/OnlineSubsystemFacebook.uplugin
LogPluginManager: Loaded Plugin OnlineSubsystemNull, From C:/Program Files/Epic Games/UE_4.14/Engine/Plugins/Online/OnlineSubsystemNull/OnlineSubsystemNull.uplugin
LogPluginManager: Loaded Plugin OnlineSubsystemOculus, From C:/Program Files/Epic Games/UE_4.14/Engine/Plugins/Online/OnlineSubsystemOculus/OnlineSubsystemOculus.uplugin
LogPluginManager: Loaded Plugin OnlineSubsystemSteam, From C:/Program Files/Epic Games/UE_4.14/Engine/Plugins/Online/OnlineSubsystemSteam/OnlineSubsystemSteam.uplugin
LogPluginManager: Loaded Plugin OnlineSubsystemUtils, From C:/Program Files/Epic Games/UE_4.14/Engine/Plugins/Online/OnlineSubsystemUtils/OnlineSubsystemUtils.uplugin
LogPluginManager: Loaded Plugin IOSTapJoy, From C:/Program Files/Epic Games/UE_4.14/Engine/Plugins/Runtime/Advertising/IOSTapJoy/IOSTapJoy.uplugin
LogPluginManager: Loaded Plugin AnalyticsBlueprintLibrary, From C:/Program Files/Epic Games/UE_4.14/Engine/Plugins/Runtime/Analytics/AnalyticsBlueprintLibrary/AnalyticsBlueprintLibrary.uplugin
LogPluginManager: Loaded Plugin AnalyticsMulticast, From C:/Program Files/Epic Games/UE_4.14/Engine/Plugins/Runtime/Analytics/AnalyticsMulticast/AnalyticsMulticast.uplugin
LogPluginManager: Loaded Plugin Apsalar, From C:/Program Files/Epic Games/UE_4.14/Engine/Plugins/Runtime/Analytics/Apsalar/Apsalar.uplugin
LogPluginManager: Loaded Plugin FileLogging, From C:/Program Files/Epic Games/UE_4.14/Engine/Plugins/Runtime/Analytics/FileLogging/FileLogging.uplugin
LogPluginManager: Loaded Plugin Flurry, From C:/Program Files/Epic Games/UE_4.14/Engine/Plugins/Runtime/Analytics/Flurry/Flurry.uplugin
LogPluginManager: Loaded Plugin AndroidDeviceProfileSelector, From C:/Program Files/Epic Games/UE_4.14/Engine/Plugins/Runtime/AndroidDeviceProfileSelector/AndroidDeviceProfileSelector.uplugin
LogPluginManager: Loaded Plugin AndroidMoviePlayer, From C:/Program Files/Epic Games/UE_4.14/Engine/Plugins/Runtime/AndroidMoviePlayer/AndroidMoviePlayer.uplugin
LogPluginManager: Loaded Plugin AppleMoviePlayer, From C:/Program Files/Epic Games/UE_4.14/Engine/Plugins/Runtime/AppleMoviePlayer/AppleMoviePlayer.uplugin
LogPluginManager: Loaded Plugin ArchVisCharacter, From C:/Program Files/Epic Games/UE_4.14/Engine/Plugins/Runtime/ArchVisCharacter/ArchVisCharacter.uplugin
LogPluginManager: Loaded Plugin CableComponent, From C:/Program Files/Epic Games/UE_4.14/Engine/Plugins/Runtime/CableComponent/CableComponent.uplugin
LogPluginManager: Loaded Plugin CustomMeshComponent, From C:/Program Files/Epic Games/UE_4.14/Engine/Plugins/Runtime/CustomMeshComponent/CustomMeshComponent.uplugin
LogPluginManager: Loaded Plugin ExampleDeviceProfileSelector, From C:/Program Files/Epic Games/UE_4.14/Engine/Plugins/Runtime/ExampleDeviceProfileSelector/ExampleDeviceProfileSelector.uplugin
LogPluginManager: Loaded Plugin GearVR, From C:/Program Files/Epic Games/UE_4.14/Engine/Plugins/Runtime/GearVR/GearVR.uplugin
LogPluginManager: Loaded Plugin GoogleVRController, From C:/Program Files/Epic Games/UE_4.14/Engine/Plugins/Runtime/GoogleVR/GoogleVRController/GoogleVRController.uplugin
LogPluginManager: Loaded Plugin GoogleVRHMD, From C:/Program Files/Epic Games/UE_4.14/Engine/Plugins/Runtime/GoogleVR/GoogleVRHMD/GoogleVRHMD.uplugin
LogPluginManager: Loaded Plugin IOSDeviceProfileSelector, From C:/Program Files/Epic Games/UE_4.14/Engine/Plugins/Runtime/IOSDeviceProfileSelector/IOSDeviceProfileSelector.uplugin
LogPluginManager: Loaded Plugin LeapMotion, From C:/Program Files/Epic Games/UE_4.14/Engine/Plugins/Runtime/LeapMotion/LeapMotion.uplugin
LogPluginManager: Loaded Plugin LinuxDeviceProfileSelector, From C:/Program Files/Epic Games/UE_4.14/Engine/Plugins/Runtime/LinuxDeviceProfileSelector/LinuxDeviceProfileSelector.uplugin
LogPluginManager: Loaded Plugin MIDIDevice, From C:/Program Files/Epic Games/UE_4.14/Engine/Plugins/Runtime/MIDIDevice/MIDIDevice.uplugin
LogPluginManager: Loaded Plugin MobilePatchingUtils, From C:/Program Files/Epic Games/UE_4.14/Engine/Plugins/Runtime/MobilePatchingUtils/MobilePatchingUtils.uplugin
LogPluginManager: Loaded Plugin Ansel, From C:/Program Files/Epic Games/UE_4.14/Engine/Plugins/Runtime/Nvidia/Ansel/Ansel.uplugin
LogPluginManager: Loaded Plugin OculusAudio, From C:/Program Files/Epic Games/UE_4.14/Engine/Plugins/Runtime/OculusAudio/OculusAudio.uplugin
LogPluginManager: Loaded Plugin OculusInput, From C:/Program Files/Epic Games/UE_4.14/Engine/Plugins/Runtime/OculusInput/OculusInput.uplugin
LogPluginManager: Loaded Plugin OculusLibrary, From C:/Program Files/Epic Games/UE_4.14/Engine/Plugins/Runtime/OculusLibrary/OculusLibrary.uplugin
LogPluginManager: Loaded Plugin OculusRift, From C:/Program Files/Epic Games/UE_4.14/Engine/Plugins/Runtime/OculusRift/OculusRift.uplugin
LogPluginManager: Loaded Plugin Oodle, From C:/Program Files/Epic Games/UE_4.14/Engine/Plugins/Runtime/PacketHandlers/CompressionComponents/Oodle/Oodle.uplugin
LogPluginManager: Loaded Plugin ProceduralMeshComponent, From C:/Program Files/Epic Games/UE_4.14/Engine/Plugins/Runtime/ProceduralMeshComponent/ProceduralMeshComponent.uplugin
LogPluginManager: Loaded Plugin SoundMod, From C:/Program Files/Epic Games/UE_4.14/Engine/Plugins/Runtime/SoundMod/SoundMod.uplugin
LogPluginManager: Loaded Plugin SoundVisualizations, From C:/Program Files/Epic Games/UE_4.14/Engine/Plugins/Runtime/SoundVisualizations/SoundVisualizations.uplugin
LogPluginManager: Loaded Plugin SteamController, From C:/Program Files/Epic Games/UE_4.14/Engine/Plugins/Runtime/Steam/SteamController/SteamController.uplugin
LogPluginManager: Loaded Plugin SteamVR, From C:/Program Files/Epic Games/UE_4.14/Engine/Plugins/Runtime/Steam/SteamVR/SteamVR.uplugin
LogPluginManager: Loaded Plugin WebBrowserWidget, From C:/Program Files/Epic Games/UE_4.14/Engine/Plugins/Runtime/WebBrowserWidget/WebBrowserWidget.uplugin
LogPluginManager: Loaded Plugin WindowsDeviceProfileSelector, From C:/Program Files/Epic Games/UE_4.14/Engine/Plugins/Runtime/WindowsDeviceProfileSelector/WindowsDeviceProfileSelector.uplugin
LogPluginManager: Loaded Plugin WindowsMoviePlayer, From C:/Program Files/Epic Games/UE_4.14/Engine/Plugins/Runtime/WindowsMoviePlayer/WindowsMoviePlayer.uplugin
LogPluginManager: Loaded Plugin ScriptPlugin, From C:/Program Files/Epic Games/UE_4.14/Engine/Plugins/ScriptPlugin/ScriptPlugin.uplugin
LogPluginManager: Loaded Plugin SlateRemote, From C:/Program Files/Epic Games/UE_4.14/Engine/Plugins/Slate/SlateRemote/SlateRemote.uplugin
LogPluginManager: Loaded Plugin EditorTests, From C:/Program Files/Epic Games/UE_4.14/Engine/Plugins/Tests/EditorTests/EditorTests.uplugin
LogPluginManager: Loaded Plugin FbxAutomationTestBuilder, From C:/Program Files/Epic Games/UE_4.14/Engine/Plugins/Tests/FbxAutomationTestBuilder/FbxAutomationTestBuilder.uplugin
LogPluginManager: Loaded Plugin FunctionalTestingEditor, From C:/Program Files/Epic Games/UE_4.14/Engine/Plugins/Tests/FunctionalTestingEditor/FunctionalTestingEditor.uplugin
LogPluginManager: Loaded Plugin RuntimeTests, From C:/Program Files/Epic Games/UE_4.14/Engine/Plugins/Tests/RuntimeTests/RuntimeTests.uplugin
LogPluginManager: Loaded Plugin ScreenshotTools, From C:/Program Files/Epic Games/UE_4.14/Engine/Plugins/Tests/ScreenshotTools/ScreenshotTools.uplugin
LogInit: Using libcurl 7.47.1
LogInit:  - built for x86_64-pc-win32
LogInit:  - supports SSL with OpenSSL/1.0.2g
LogInit:  - supports HTTP deflate (compression) using libz 1.2.8
LogInit:  - other features:
LogInit:      CURL_VERSION_SSL
LogInit:      CURL_VERSION_LIBZ
LogInit:      CURL_VERSION_IPV6
LogInit:      CURL_VERSION_ASYNCHDNS
LogInit:      CURL_VERSION_LARGEFILE
LogInit:      CURL_VERSION_IDN
LogInit:  CurlRequestOptions (configurable via config and command line):
LogInit:  - bVerifyPeer = false  - Libcurl will NOT verify peer certificate
LogInit:  - bUseHttpProxy = false  - Libcurl will NOT use HTTP proxy
LogInit:  - bDontReuseConnections = false  - Libcurl will reuse connections
LogInit:  - CertBundlePath = nullptr  - Libcurl will use whatever was configured at build time.
LogInit: Build: ++UE4+Release-4.14-CL-3249277
LogInit: Engine Version: 4.14.3-3249277+++UE4+Release-4.14
LogInit: Compatible Engine Version: 4.14.0-3195953+++UE4+Release-4.14
LogInit: Net CL: 3195953
LogDevObjectVersion: Number of dev versions registered: 13
LogDevObjectVersion:   Dev-Blueprints (B0D832E4-1F89-4F0D-ACCF-7EB736FD4AA2): 7
LogDevObjectVersion:   Dev-Build (E1C64328-A22C-4D53-A36C-8E866417BD8C): 0
LogDevObjectVersion:   Dev-Core (375EC13C-06E4-48FB-B500-84F0262A717E): 1
LogDevObjectVersion:   Dev-Editor (E4B068ED-F494-42E9-A231-DA0B2E46BB41): 8
LogDevObjectVersion:   Dev-Framework (CFFC743F-43B0-4480-9391-14DF171D2073): 17
LogDevObjectVersion:   Dev-Mobile (B02B49B5-BB20-44E9-A304-32B752E40360): 0
LogDevObjectVersion:   Dev-Networking (A4E4105C-59A1-49B5-A7C5-40C4547EDFEE): 0
LogDevObjectVersion:   Dev-Online (39C831C9-5AE6-47DC-9A44-9C173E1C8E7C): 0
LogDevObjectVersion:   Dev-Physics (78F01B33-EBEA-4F98-B9B4-84EACCB95AA2): 0
LogDevObjectVersion:   Dev-Platform (6631380F-2D4D-43E0-8009-CF276956A95A): 0
LogDevObjectVersion:   Dev-Rendering (12F88B9F-8875-4AFC-A67C-D90C383ABD29): 12
LogDevObjectVersion:   Dev-Sequencer (7B5AE74C-D270-4C10-A958-57980B212A5A): 1
LogDevObjectVersion:   Dev-VR (D7296918-1DD6-4BDD-9DE2-64A83CC13884): 0
LogInit: Compiled (64-bit): Jan  6 2017 10:49:43
LogInit: Compiled with Visual C++: 19.00.23026.00
LogInit: Build Configuration: Development
LogInit: Branch Name: ++UE4+Release-4.14
LogInit: Command line:  
LogInit: Base directory: C:/Program Files/Epic Games/UE_4.14/Engine/Binaries/Win64/
LogInit: Installed Engine Build: 1
LogInit: Presizing for max 8388607 objects, including 0 objects not considered by GC, pre-allocating 0 bytes for permanent pool.
LogInit: Object subsystem initialized
[2017.03.26-12.28.39:198][  0]LogInit: Selected Device Profile: [Windows]
[2017.03.26-12.28.39:198][  0]LogInit: Applying CVar settings loaded from the selected device profile: [Windows]
[2017.03.26-12.28.39:215][  0]LogInit: Computer: DESKTOP-QSL9CCQ
[2017.03.26-12.28.39:215][  0]LogInit: User: Jer
[2017.03.26-12.28.39:215][  0]LogInit: CPU Page size=65536, Cores=4
[2017.03.26-12.28.39:215][  0]LogInit: High frequency timer resolution =3.711011 MHz
[2017.03.26-12.28.39:215][  0]LogMemory: Memory total: Physical=15.9GB (16GB approx)
[2017.03.26-12.28.39:215][  0]LogMemory: Platform Memory Stats for Windows
[2017.03.26-12.28.39:215][  0]LogMemory: Process Physical Memory: 269.56 MB used, 269.56 MB peak
[2017.03.26-12.28.39:215][  0]LogMemory: Process Virtual Memory: 263.00 MB used, 263.00 MB peak
[2017.03.26-12.28.39:215][  0]LogMemory: Physical Memory: 14388.65 MB used,  1942.36 MB free, 16331.01 MB total
[2017.03.26-12.28.39:215][  0]LogMemory: Virtual Memory: 662.46 MB used,  1942.36 MB free, 134217728.00 MB total
[2017.03.26-12.28.39:422][  0]LogTextLocalizationManager: No specific translations for ('en-US') exist, so ('en') translations will be used.
[2017.03.26-12.28.41:114][  0]LogD3D11RHI: D3D11 adapters:
[2017.03.26-12.28.41:178][  0]LogD3D11RHI:    0. 'AMD Radeon (TM) R9 380 Series' (Feature Level 11_0)
[2017.03.26-12.28.41:178][  0]LogD3D11RHI:       4072/0/8165 MB DedicatedVideo/DedicatedSystem/SharedSystem, Outputs:1, VendorId:0x1002
[2017.03.26-12.28.41:203][  0]LogD3D11RHI:    1. 'AMD Radeon R9 200 Series' (Feature Level 11_0)
[2017.03.26-12.28.41:203][  0]LogD3D11RHI:       3053/0/8165 MB DedicatedVideo/DedicatedSystem/SharedSystem, Outputs:2, VendorId:0x1002
[2017.03.26-12.28.41:207][  0]LogD3D11RHI:    2. 'Microsoft Basic Render Driver' (Feature Level 11_0)
[2017.03.26-12.28.41:207][  0]LogD3D11RHI:       0/0/8165 MB DedicatedVideo/DedicatedSystem/SharedSystem, Outputs:0, VendorId:0x1414
[2017.03.26-12.28.41:207][  0]LogD3D11RHI: Chosen D3D11 Adapter: 0
[2017.03.26-12.28.41:227][  0]LogD3D11RHI: Creating new Direct3DDevice
[2017.03.26-12.28.41:227][  0]LogD3D11RHI:     GPU DeviceId: 0x6938 (for the marketing name, search the web for "GPU Device Id")
[2017.03.26-12.28.41:227][  0]LogWindows: EnumDisplayDevices:
[2017.03.26-12.28.41:227][  0]LogWindows:    0. 'AMD Radeon (TM) R9 380 Series' (P:1 D:1)
[2017.03.26-12.28.41:228][  0]LogWindows:    1. 'AMD Radeon (TM) R9 380 Series' (P:0 D:0)
[2017.03.26-12.28.41:228][  0]LogWindows:    2. 'AMD Radeon (TM) R9 380 Series' (P:0 D:0)
[2017.03.26-12.28.41:229][  0]LogWindows:    3. 'AMD Radeon (TM) R9 380 Series' (P:0 D:0)
[2017.03.26-12.28.41:229][  0]LogWindows:    4. 'AMD Radeon (TM) R9 380 Series' (P:0 D:0)
[2017.03.26-12.28.41:230][  0]LogWindows:    5. 'AMD Radeon (TM) R9 380 Series' (P:0 D:0)
[2017.03.26-12.28.41:230][  0]LogWindows:    6. 'AMD Radeon R9 200 Series' (P:0 D:1)
[2017.03.26-12.28.41:231][  0]LogWindows:    7. 'AMD Radeon R9 200 Series' (P:0 D:1)
[2017.03.26-12.28.41:232][  0]LogWindows:    8. 'AMD Radeon R9 200 Series' (P:0 D:0)
[2017.03.26-12.28.41:232][  0]LogWindows:    9. 'AMD Radeon R9 200 Series' (P:0 D:0)
[2017.03.26-12.28.41:233][  0]LogWindows:    10. 'AMD Radeon R9 200 Series' (P:0 D:0)
[2017.03.26-12.28.41:233][  0]LogWindows:    11. 'AMD Radeon R9 200 Series' (P:0 D:0)
[2017.03.26-12.28.41:234][  0]LogWindows: DebugString: PrimaryIsNotTheChoosenAdapter PrimaryIsNotTheChoosenAdapter PrimaryIsNotTheChoosenAdapter PrimaryIsNotTheChoosenAdapter PrimaryIsNotTheChoosenAdapter PrimaryIsNotTheChoosenAdapter FoundDriverCount:6 
[2017.03.26-12.28.41:234][  0]LogD3D11RHI:     Adapter Name: AMD Radeon (TM) R9 380 Series
[2017.03.26-12.28.41:234][  0]LogD3D11RHI:   Driver Version: Crimson ReLive 17.1.2 (internal:21.19.413.0, unified:21.19.413.0)
[2017.03.26-12.28.41:234][  0]LogD3D11RHI:      Driver Date: 1-25-2017
[2017.03.26-12.28.41:234][  0]LogRHI: Texture pool is 1361 MB (70% of 1945 MB)
[2017.03.26-12.28.41:268][  0]LogD3D11RHI: Async texture creation enabled
[2017.03.26-12.28.41:298][  0]LogD3D11RHI: GPU Timing Frequency: 27.000000 (Debug: 2 1)
[2017.03.26-12.28.41:300][  0]LogShaderCompilers: Guid format shader working directory is -46 characters bigger than the processId version (D:/School/Art Institute/Classes/Social and Mobile Game Design/Milestones_New/M5T1_Trevino/Intermediate/Shaders/WorkingDirectory/24920/).
[2017.03.26-12.28.41:300][  0]LogShaderCompilers: Cleaned the shader compiler working directory 'C:/Users/Jer/AppData/Local/Temp/UnrealShaderWorkingDir/DE8375C544E596BA61CFC9A74AE751DA/'.
[2017.03.26-12.28.41:300][  0]LogShaderCompilers:Display: Using Local Shader Compiler.
[2017.03.26-12.28.44:790][  0]LogTemp:Display: Loaded TP AllDesktopTargetPlatform
[2017.03.26-12.28.44:953][  0]LogTemp:Display: Loaded TP MacClientTargetPlatform
[2017.03.26-12.28.45:113][  0]LogTemp:Display: Loaded TP MacNoEditorTargetPlatform
[2017.03.26-12.28.45:279][  0]LogTemp:Display: Loaded TP MacServerTargetPlatform
[2017.03.26-12.28.45:442][  0]LogTemp:Display: Loaded TP MacTargetPlatform
[2017.03.26-12.28.45:603][  0]LogTemp:Display: Loaded TP WindowsClientTargetPlatform
[2017.03.26-12.28.45:761][  0]LogTemp:Display: Loaded TP WindowsNoEditorTargetPlatform
[2017.03.26-12.28.45:934][  0]LogTemp:Display: Loaded TP WindowsServerTargetPlatform
[2017.03.26-12.28.46:084][  0]LogTemp:Display: Loaded TP WindowsTargetPlatform
[2017.03.26-12.28.46:252][  0]LogTemp:Display: Loaded TP AndroidTargetPlatform
[2017.03.26-12.28.46:406][  0]LogTemp:Display: Loaded TP Android_ASTCTargetPlatform
[2017.03.26-12.28.46:569][  0]LogTemp:Display: Loaded TP Android_ATCTargetPlatform
[2017.03.26-12.28.46:738][  0]LogTemp:Display: Loaded TP Android_DXTTargetPlatform
[2017.03.26-12.28.46:905][  0]LogTemp:Display: Loaded TP Android_ETC1TargetPlatform
[2017.03.26-12.28.47:062][  0]LogTemp:Display: Loaded TP Android_ETC2TargetPlatform
[2017.03.26-12.28.47:405][  0]LogTemp:Display: Loaded TP Android_MultiTargetPlatform
[2017.03.26-12.28.47:405][  0]LogTemp:Display: Loaded TP Android_PVRTCTargetPlatform
[2017.03.26-12.28.47:551][  0]LogTemp:Display: Loaded TP HTML5TargetPlatform
[2017.03.26-12.28.47:808][  0]LogTemp:Display: Loaded TP IOSTargetPlatform
[2017.03.26-12.28.47:913][  0]LogTemp:Display: Loaded TP TVOSTargetPlatform
[2017.03.26-12.28.48:109][  0]LogTemp:Display: Loaded TP LinuxClientTargetPlatform
[2017.03.26-12.28.48:289][  0]LogTemp:Display: Loaded TP LinuxNoEditorTargetPlatform
[2017.03.26-12.28.48:463][  0]LogTemp:Display: Loaded TP LinuxServerTargetPlatform
[2017.03.26-12.28.48:662][  0]LogTemp:Display: Loaded TP LinuxTargetPlatform
[2017.03.26-12.28.48:662][  0]LogTargetPlatformManager:Display: Building Assets For Windows
[2017.03.26-12.28.50:041][  0]LogDerivedDataCache:Display: Max Cache Size: 512 MB
[2017.03.26-12.28.50:405][  0]LogDerivedDataCache: Loaded boot cache 0.36s 50MB C:/Users/Jer/AppData/Local/UnrealEngine/4.14/DerivedDataCache/Boot.ddc.
[2017.03.26-12.28.50:405][  0]LogDerivedDataCache:Display: Loaded Boot cache: C:/Users/Jer/AppData/Local/UnrealEngine/4.14/DerivedDataCache/Boot.ddc
[2017.03.26-12.28.50:405][  0]LogDerivedDataCache: FDerivedDataBackendGraph:  Pak pak cache file D:/School/Art Institute/Classes/Social and Mobile Game Design/Milestones_New/M5T1_Trevino/DerivedDataCache/DDC.ddp not found, will not use a pak cache.
[2017.03.26-12.28.50:405][  0]LogDerivedDataCache: Unable to find inner node Pak for hierarchical cache Hierarchy.
[2017.03.26-12.28.50:405][  0]LogDerivedDataCache: FDerivedDataBackendGraph:  CompressedPak pak cache file D:/School/Art Institute/Classes/Social and Mobile Game Design/Milestones_New/M5T1_Trevino/DerivedDataCache/Compressed.ddp not found, will not use a pak cache.
[2017.03.26-12.28.50:405][  0]LogDerivedDataCache: Unable to find inner node CompressedPak for hierarchical cache Hierarchy.
[2017.03.26-12.28.50:444][  0]LogDerivedDataCache:Display: Pak cache opened for reading ../../../Engine/DerivedDataCache/Compressed.ddp.
[2017.03.26-12.28.50:459][  0]LogDerivedDataCache: Using Local data cache path C:/Users/Jer/AppData/Local/UnrealEngine/Common/DerivedDataCache: Writable
[2017.03.26-12.28.51:335][  0]LogInit: Selected Device Profile: [Windows]
[2017.03.26-12.28.51:343][  0]LogContentStreaming: Texture pool size is 0.00 MB
[2017.03.26-12.28.51:940][  0]LogMeshUtilities: Using QuadricMeshReduction for automatic static mesh reduction
[2017.03.26-12.28.52:116][  0]LogSimplygon: Simplygon DLL not present - disabling.
[2017.03.26-12.28.52:288][  0]LogMeshUtilities: Using SimplygonSwarm for distributed automatic mesh merging
[2017.03.26-12.28.52:288][  0]LogMeshUtilities: No automatic skeletal mesh reduction module available
[2017.03.26-12.28.52:288][  0]LogMeshUtilities: No automatic mesh merging module available
[2017.03.26-12.28.53:989][  0]LogNetVersion: GetLocalNetworkVersion: CL: 3195953, ProjectName: spaceshootertemplate, ProjectVersion: , EngineNetworkVersion: 2, GameNetworkVersion: 0, NetworkChecksum: 4158053725
[2017.03.26-12.28.54:136][  0]LogAssetRegistry: FAssetRegistry took 0.0257 seconds to start up
[2017.03.26-12.28.54:281][  0]LogPackageLocalizationCache: Processed 4 localized package path(s) for 2 prioritized culture(s) in 0.065836 seconds
[2017.03.26-12.28.54:295][  0]LogUObjectArray: 31946 objects as part of root set at end of initial load.
[2017.03.26-12.28.54:295][  0]LogUObjectAllocator: 6935840 out of 0 bytes used by permanent object pool.
[2017.03.26-12.28.54:295][  0]LogUObjectArray: CloseDisregardForGC: 0/0 objects in disregard for GC pool
[2017.03.26-12.28.54:511][  0]LogInit: WinSock: version 1.1 (2.2), MaxSocks=32767, MaxUdp=65467
[2017.03.26-12.28.57:897][  0]LogSlate: Using Freetype 2.6.0
[2017.03.26-12.28.57:906][  0]LogSlate: SlateFontCache - WITH_FREETYPE: 1, WITH_HARFBUZZ: 1
[2017.03.26-12.28.57:906][  0]LogSlate: SlateFontCache - WITH_FREETYPE: 1, WITH_HARFBUZZ: 1
[2017.03.26-12.29.04:112][  0]LogTcpMessaging: Initializing TcpMessaging bridge
[2017.03.26-12.29.04:337][  0]LogUdpMessaging: Initializing bridge on interface 0.0.0.0:0 to multicast group 230.0.0.1:6666.
[2017.03.26-12.29.05:662][  0]LogMaterial: Uniform references updated for custom material expression Custom.
[2017.03.26-12.29.07:821][  0]SourceControl: Info Source control is disabled
[2017.03.26-12.29.08:651][  0]SourceControl: Info Source control is disabled
[2017.03.26-12.29.08:839][  0]SourceControl: Info Source control is disabled
[2017.03.26-12.29.09:018][  0]SourceControl: Info Source control is disabled
[2017.03.26-12.29.15:838][  0]LogEngine: Initializing Engine...
[2017.03.26-12.29.15:844][  0]LogHMD: Failed to initialize OpenVR with code 100
[2017.03.26-12.29.17:118][  0]LogAIModule: Creating AISystem for world Untitled
[2017.03.26-12.29.17:313][  0]LogInit: XAudio2 using '1 - LCD TV (AMD High Definition Audio Device)' : 2 channels at 48 kHz using 16 bits per sample (channel mask 0x3)
[2017.03.26-12.29.17:376][  0]LogInit: FAudioDevice initialized.
[2017.03.26-12.29.17:461][  0]LogDerivedDataCache: Saved boot cache 0.08s 50MB C:/Users/Jer/AppData/Local/UnrealEngine/4.14/DerivedDataCache/Boot.ddc.
[2017.03.26-12.29.17:514][  0]LogInit: Texture streaming: Enabled
[2017.03.26-12.29.18:201][  0]LogInit: Transaction tracking system initialized
[2017.03.26-12.29.19:433][  0]BlueprintLog: New page: Editor Load
[2017.03.26-12.29.22:448][  0]LocalizationService: Info Localization service is disabled
[2017.03.26-12.29.24:669][  0]LogConsoleResponse:Display: 
[2017.03.26-12.29.25:047][  0]LogCook:Display: Max memory allowance for cook 16384mb min free memory 0mb
[2017.03.26-12.29.25:047][  0]LogCook:Display: Mobile HDR setting 1
[2017.03.26-12.29.25:560][  0]LogFileCache: Scanning file cache for directory 'D:/School/Art Institute/Classes/Social and Mobile Game Design/Milestones_New/M5T1_Trevino/Content/' took 0.03s
[2017.03.26-12.29.28:284][  0]SourceControl: Info Source control is disabled
[2017.03.26-12.29.28:284][  0]Cmd: MAP LOAD FILE="D:/School/Art Institute/Classes/Social and Mobile Game Design/Milestones_New/M5T1_Trevino/Content/Maps/mnMenu.umap" TEMPLATE=0 SHOWPROGRESS=1 FEATURELEVEL=3
[2017.03.26-12.29.28:285][  0]LightingResults: New page: Lighting Build
[2017.03.26-12.29.28:420][  0]MapCheck: New page: Map Check
[2017.03.26-12.29.28:420][  0]LightingResults: New page: Lighting Build
[2017.03.26-12.29.28:639][  0]LogAIModule: Creating AISystem for world mnMenu
[2017.03.26-12.29.28:652][  0]LogEditorServer: Finished looking for orphan Actors (0.000 secs)
[2017.03.26-12.29.28:654][  0]Cmd: MAP CHECKDEP NOCLEARLOG
[2017.03.26-12.29.28:824][  0]MapCheck: Info Map check complete: 0 Error(s), 0 Warning(s), took 169.844ms to complete.
[2017.03.26-12.29.28:824][  0]LogFileHelpers: Loading map 'mnMenu' took 0.540
[2017.03.26-12.29.29:705][  0]LogCollectionManager: Loaded 0 collections in 0.004749 seconds
[2017.03.26-12.29.29:976][  0]LogFileCache: Scanning file cache for directory 'D:/School/Art Institute/Classes/Social and Mobile Game Design/Milestones_New/M5T1_Trevino/Saved/Collections/' took 0.01s
[2017.03.26-12.29.29:976][  0]LogFileCache: Scanning file cache for directory 'D:/School/Art Institute/Classes/Social and Mobile Game Design/Milestones_New/M5T1_Trevino/Content/Developers/Jer/Collections/' took 0.01s
[2017.03.26-12.29.29:976][  0]LogFileCache: Scanning file cache for directory 'D:/School/Art Institute/Classes/Social and Mobile Game Design/Milestones_New/M5T1_Trevino/Content/Collections/' took 0.01s
[2017.03.26-12.29.29:976][  0]LogCollectionManager: Rebuilt the GUID cache for 0 collections in 0.000004 seconds
[2017.03.26-12.29.30:000][  0]LogContentBrowser: Native class hierarchy populated in 0.0189 seconds. Added 2216 classes and 439 folders.
[2017.03.26-12.29.30:144][  0]LogStats: UGameplayTagsManager::ConstructGameplayTagTree: Construct from data asset -  0.000 s
[2017.03.26-12.29.30:144][  0]LogStats: UGameplayTagsManager::ConstructGameplayTagTree: GameplayTagTreeChangedEvent.Broadcast -  0.000 s
[2017.03.26-12.29.30:145][  0]LogContentBrowser: Native class hierarchy updated for 'GameplayTags' in 0.0011 seconds. Added 13 classes and 0 folders.
[2017.03.26-12.29.30:339][  0]LogContentBrowser: Native class hierarchy updated for 'WidgetCarousel' in 0.0017 seconds. Added 0 classes and 0 folders.
[2017.03.26-12.29.30:582][  0]LogContentBrowser: Native class hierarchy updated for 'AddContentDialog' in 0.0013 seconds. Added 0 classes and 0 folders.
[2017.03.26-12.29.30:668][  0]LogCrashTracker: Crashtracker disabled due to settings.
[2017.03.26-12.29.30:697][  0]LogUObjectGlobals:Warning: Failed to find object 'Class None.'
[2017.03.26-12.29.30:878][  0]LogContentBrowser: Native class hierarchy updated for 'HierarchicalLODOutliner' in 0.0008 seconds. Added 1 classes and 2 folders.
[2017.03.26-12.29.30:878][  0]LogLoad: (Engine Initialization) Total time: 55.73 seconds
[2017.03.26-12.29.30:878][  0]LogLoad: (Engine Initialization) Total Blueprint compile time: 0.24 seconds
[2017.03.26-12.29.30:878][  0]LogExternalProfiler: Found external profiler: VSPerf
[2017.03.26-12.29.30:878][  0]LogExternalProfiler: Using external profiler: VSPerf
[2017.03.26-12.29.31:219][  0]LogOcInput: OculusInput pre-init called
[2017.03.26-12.29.31:246][  0]LogContentStreaming: Texture pool size now 1000 MB
[2017.03.26-12.29.31:585][  0]LogRenderer: Reallocating scene render targets to support 1256x704 NumSamples 1 (Frame:2).
[2017.03.26-12.29.32:476][  3]LogAssetRegistry: Asset discovery search completed in 38.3622 seconds
[2017.03.26-12.29.32:476][  3]LogCollectionManager: Rebuilt the object cache for 0 collections in 0.000001 seconds (found 0 objects)
[2017.03.26-12.29.32:476][  3]LogCollectionManager: Fixed up redirectors for 0 collections in 0.000021 seconds (updated 0 objects)
[2017.03.26-12.29.45:440][154]LogRenderer: Reallocating scene render targets to support 1452x704 NumSamples 1 (Frame:109).
[2017.03.26-12.30.25:075][  5]LogRenderer: Reallocating scene render targets to support 1528x960 NumSamples 1 (Frame:4060).
[2017.03.26-12.35.00:684][132]LogSavePackage: Save=11.97ms
[2017.03.26-12.35.00:684][132]LogSavePackage: Moving 'D:/School/Art Institute/Classes/Social and Mobile Game Design/Milestones_New/M5T1_Trevino/Saved/tvr_flipbook3BC30235435695D8D7A7218989DC4BC0.tmp' to 'D:/School/Art Institute/Classes/Social and Mobile Game Design/Milestones_New/M5T1_Trevino/Content/Trevino_Content/Trevino_Textures/FX/tvr_flipbook.uasset'
[2017.03.26-12.35.00:686][132]LogSavePackage:Display: Finished SavePackage D:/School/Art Institute/Classes/Social and Mobile Game Design/Milestones_New/M5T1_Trevino/Content/Trevino_Content/Trevino_Textures/FX/tvr_flipbook.uasset
[2017.03.26-12.39.31:236][642]LogFileHelpers: Editor autosave (incl. sublevels) for '/Game/Maps/mnMenu' took 0.022
[2017.03.26-12.39.31:238][642]OBJ SavePackage: Generating thumbnails for [1] asset(s) in package [/Game/Trevino_Content/Trevino_Textures/FX/tvr_1] ([1] browsable assets)...
[2017.03.26-12.39.31:254][642]OBJ SavePackage:     Rendered thumbnail for [PaperSprite /Game/Trevino_Content/Trevino_Textures/FX/tvr_1.tvr_1]
[2017.03.26-12.39.31:254][642]OBJ SavePackage: Finished generating thumbnails for package [/Game/Trevino_Content/Trevino_Textures/FX/tvr_1]
[2017.03.26-12.39.31:270][642]LogSavePackage: Save=11.94ms
[2017.03.26-12.39.31:271][642]LogSavePackage: Moving 'D:/School/Art Institute/Classes/Social and Mobile Game Design/Milestones_New/M5T1_Trevino/Saved/tvr_1_Auto1FC4FFDC94531F0E432EBE7B86A23B194.tmp' to 'D:/School/Art Institute/Classes/Social and Mobile Game Design/Milestones_New/M5T1_Trevino/Saved/Autosaves/Game/Trevino_Content/Trevino_Textures/FX/tvr_1_Auto1.uasset'
[2017.03.26-12.39.31:273][642]LogSavePackage:Display: Finished SavePackage D:/School/Art Institute/Classes/Social and Mobile Game Design/Milestones_New/M5T1_Trevino/Saved/Autosaves/Game/Trevino_Content/Trevino_Textures/FX/tvr_1_Auto1.uasset
[2017.03.26-12.39.31:273][642]OBJ SavePackage: Generating thumbnails for [1] asset(s) in package [/Game/Trevino_Content/Trevino_Textures/FX/tvr_3] ([1] browsable assets)...
[2017.03.26-12.39.31:289][642]OBJ SavePackage:     Rendered thumbnail for [PaperSprite /Game/Trevino_Content/Trevino_Textures/FX/tvr_3.tvr_3]
[2017.03.26-12.39.31:289][642]OBJ SavePackage: Finished generating thumbnails for package [/Game/Trevino_Content/Trevino_Textures/FX/tvr_3]
[2017.03.26-12.39.31:519][642]LogSavePackage: Save=15.50ms
[2017.03.26-12.39.31:519][642]LogSavePackage: Moving 'D:/School/Art Institute/Classes/Social and Mobile Game Design/Milestones_New/M5T1_Trevino/Saved/tvr_3_Auto18A8C6E9B4725B2EFE7108B875DC9AC7A.tmp' to 'D:/School/Art Institute/Classes/Social and Mobile Game Design/Milestones_New/M5T1_Trevino/Saved/Autosaves/Game/Trevino_Content/Trevino_Textures/FX/tvr_3_Auto1.uasset'
[2017.03.26-12.39.31:521][642]LogSavePackage:Display: Finished SavePackage D:/School/Art Institute/Classes/Social and Mobile Game Design/Milestones_New/M5T1_Trevino/Saved/Autosaves/Game/Trevino_Content/Trevino_Textures/FX/tvr_3_Auto1.uasset
[2017.03.26-12.39.31:521][642]LogFileHelpers: Auto-saving content packages took 0.283
[2017.03.26-12.49.52:388][123]LogFileHelpers: Editor autosave (incl. sublevels) for '/Game/Maps/mnMenu' took 0.019
[2017.03.26-12.49.52:390][123]OBJ SavePackage: Generating thumbnails for [1] asset(s) in package [/Game/Trevino_Content/Trevino_Textures/FX/tvr_1] ([1] browsable assets)...
[2017.03.26-12.49.52:406][123]OBJ SavePackage:     Rendered thumbnail for [PaperSprite /Game/Trevino_Content/Trevino_Textures/FX/tvr_1.tvr_1]
[2017.03.26-12.49.52:406][123]OBJ SavePackage: Finished generating thumbnails for package [/Game/Trevino_Content/Trevino_Textures/FX/tvr_1]
[2017.03.26-12.49.52:424][123]LogSavePackage: Save=13.11ms
[2017.03.26-12.49.52:424][123]LogSavePackage: Moving 'D:/School/Art Institute/Classes/Social and Mobile Game Design/Milestones_New/M5T1_Trevino/Saved/tvr_1_Auto2C09860F547BA386390FC0CB0F2FDBFA9.tmp' to 'D:/School/Art Institute/Classes/Social and Mobile Game Design/Milestones_New/M5T1_Trevino/Saved/Autosaves/Game/Trevino_Content/Trevino_Textures/FX/tvr_1_Auto2.uasset'
[2017.03.26-12.49.52:426][123]LogSavePackage:Display: Finished SavePackage D:/School/Art Institute/Classes/Social and Mobile Game Design/Milestones_New/M5T1_Trevino/Saved/Autosaves/Game/Trevino_Content/Trevino_Textures/FX/tvr_1_Auto2.uasset
[2017.03.26-12.49.52:426][123]LogFileHelpers: Auto-saving content packages took 0.037
[2017.03.26-12.53.08:600][575]Cmd: TRANSACTION UNDO
[2017.03.26-12.53.08:600][575]LogEditorTransaction: Undo Edit Y
[2017.03.26-12.53.09:354][593]Cmd: TRANSACTION UNDO
[2017.03.26-12.53.09:354][593]LogEditorTransaction: Undo Edit Y
[2017.03.26-12.53.10:468][624]Cmd: TRANSACTION UNDO
[2017.03.26-12.53.10:468][624]LogEditorTransaction: Undo Edit Y
[2017.03.26-12.53.11:192][648]Cmd: TRANSACTION UNDO
[2017.03.26-12.53.11:192][648]LogEditorTransaction: Undo Edit Y
[2017.03.26-12.53.23:639][ 45]Cmd: TRANSACTION UNDO
[2017.03.26-12.53.23:639][ 45]LogEditorTransaction: Undo Edit Y
[2017.03.26-12.53.25:626][ 87]Cmd: TRANSACTION UNDO
[2017.03.26-12.53.25:626][ 87]LogEditorTransaction: Undo Edit X
[2017.03.26-12.53.27:112][140]Cmd: TRANSACTION UNDO
[2017.03.26-12.53.27:112][140]LogEditorTransaction: Undo Edit Y
[2017.03.26-12.54.58:049][239]LogSavePackage: Save=16.84ms
[2017.03.26-12.54.58:049][239]LogSavePackage: Moving 'D:/School/Art Institute/Classes/Social and Mobile Game Design/Milestones_New/M5T1_Trevino/Saved/tvr_28DB317134B458ACAC9138C88C9FC5A0C.tmp' to 'D:/School/Art Institute/Classes/Social and Mobile Game Design/Milestones_New/M5T1_Trevino/Content/Trevino_Content/Trevino_Textures/FX/tvr_2.uasset'
[2017.03.26-12.54.58:053][239]LogSavePackage:Display: Finished SavePackage D:/School/Art Institute/Classes/Social and Mobile Game Design/Milestones_New/M5T1_Trevino/Content/Trevino_Content/Trevino_Textures/FX/tvr_2.uasset
[2017.03.26-12.55.00:669][287]LogSavePackage: Save=4.94ms
[2017.03.26-12.55.00:669][287]LogSavePackage: Moving 'D:/School/Art Institute/Classes/Social and Mobile Game Design/Milestones_New/M5T1_Trevino/Saved/tvr_3B2F6F9A0484746B23F86E29E09C4AF86.tmp' to 'D:/School/Art Institute/Classes/Social and Mobile Game Design/Milestones_New/M5T1_Trevino/Content/Trevino_Content/Trevino_Textures/FX/tvr_3.uasset'
[2017.03.26-12.55.00:671][287]LogSavePackage:Display: Finished SavePackage D:/School/Art Institute/Classes/Social and Mobile Game Design/Milestones_New/M5T1_Trevino/Content/Trevino_Content/Trevino_Textures/FX/tvr_3.uasset
[2017.03.26-12.55.03:247][347]LogSavePackage: Save=13.99ms
[2017.03.26-12.55.03:247][347]LogSavePackage: Moving 'D:/School/Art Institute/Classes/Social and Mobile Game Design/Milestones_New/M5T1_Trevino/Saved/tvr_1DB93BE9D48F8CEC8AE894899747D6859.tmp' to 'D:/School/Art Institute/Classes/Social and Mobile Game Design/Milestones_New/M5T1_Trevino/Content/Trevino_Content/Trevino_Textures/FX/tvr_1.uasset'
[2017.03.26-12.55.03:250][347]LogSavePackage:Display: Finished SavePackage D:/School/Art Institute/Classes/Social and Mobile Game Design/Milestones_New/M5T1_Trevino/Content/Trevino_Content/Trevino_Textures/FX/tvr_1.uasset
[2017.03.26-12.55.31:458][189]LogSavePackage: Save=15.14ms
[2017.03.26-12.55.31:458][189]LogSavePackage: Moving 'D:/School/Art Institute/Classes/Social and Mobile Game Design/Milestones_New/M5T1_Trevino/Saved/tvr_17ECD672F4638EDA921E4288C580352AA.tmp' to 'D:/School/Art Institute/Classes/Social and Mobile Game Design/Milestones_New/M5T1_Trevino/Content/Trevino_Content/Trevino_Textures/FX/tvr_1.uasset'
[2017.03.26-12.55.31:482][189]LogSavePackage:Display: Finished SavePackage D:/School/Art Institute/Classes/Social and Mobile Game Design/Milestones_New/M5T1_Trevino/Content/Trevino_Content/Trevino_Textures/FX/tvr_1.uasset
[2017.03.26-12.55.37:198][335]LogSavePackage: Save=27.72ms
[2017.03.26-12.55.37:198][335]LogSavePackage: Moving 'D:/School/Art Institute/Classes/Social and Mobile Game Design/Milestones_New/M5T1_Trevino/Saved/tvr_09F610A1E483193D8C16710B50246697C.tmp' to 'D:/School/Art Institute/Classes/Social and Mobile Game Design/Milestones_New/M5T1_Trevino/Content/Trevino_Content/Trevino_Textures/FX/tvr_0.uasset'
[2017.03.26-12.55.37:202][335]LogSavePackage:Display: Finished SavePackage D:/School/Art Institute/Classes/Social and Mobile Game Design/Milestones_New/M5T1_Trevino/Content/Trevino_Content/Trevino_Textures/FX/tvr_0.uasset
[2017.03.26-12.55.46:211][597]LogSavePackage: Save=15.20ms
[2017.03.26-12.55.46:211][597]LogSavePackage: Moving 'D:/School/Art Institute/Classes/Social and Mobile Game Design/Milestones_New/M5T1_Trevino/Saved/tvr_238E5BD274C98F64642A096B8CA6FF983.tmp' to 'D:/School/Art Institute/Classes/Social and Mobile Game Design/Milestones_New/M5T1_Trevino/Content/Trevino_Content/Trevino_Textures/FX/tvr_2.uasset'
[2017.03.26-12.55.46:217][597]LogSavePackage:Display: Finished SavePackage D:/School/Art Institute/Classes/Social and Mobile Game Design/Milestones_New/M5T1_Trevino/Content/Trevino_Content/Trevino_Textures/FX/tvr_2.uasset
[2017.03.26-12.55.52:001][758]LogSavePackage: Save=14.86ms
[2017.03.26-12.55.52:001][758]LogSavePackage: Moving 'D:/School/Art Institute/Classes/Social and Mobile Game Design/Milestones_New/M5T1_Trevino/Saved/tvr_3850A636648D53E5C74EA2BA554F32507.tmp' to 'D:/School/Art Institute/Classes/Social and Mobile Game Design/Milestones_New/M5T1_Trevino/Content/Trevino_Content/Trevino_Textures/FX/tvr_3.uasset'
[2017.03.26-12.55.52:008][758]LogSavePackage:Display: Finished SavePackage D:/School/Art Institute/Classes/Social and Mobile Game Design/Milestones_New/M5T1_Trevino/Content/Trevino_Content/Trevino_Textures/FX/tvr_3.uasset
[2017.03.26-12.55.58:098][910]LogSavePackage: Save=16.74ms
[2017.03.26-12.55.58:098][910]LogSavePackage: Moving 'D:/School/Art Institute/Classes/Social and Mobile Game Design/Milestones_New/M5T1_Trevino/Saved/tvr_4955F4D7F421FA6868970268E1F506C66.tmp' to 'D:/School/Art Institute/Classes/Social and Mobile Game Design/Milestones_New/M5T1_Trevino/Content/Trevino_Content/Trevino_Textures/FX/tvr_4.uasset'
[2017.03.26-12.55.58:106][910]LogSavePackage:Display: Finished SavePackage D:/School/Art Institute/Classes/Social and Mobile Game Design/Milestones_New/M5T1_Trevino/Content/Trevino_Content/Trevino_Textures/FX/tvr_4.uasset
[2017.03.26-12.56.03:770][ 52]LogSavePackage: Save=16.70ms
[2017.03.26-12.56.03:770][ 52]LogSavePackage: Moving 'D:/School/Art Institute/Classes/Social and Mobile Game Design/Milestones_New/M5T1_Trevino/Saved/tvr_5D2749B0945832A86CE0A52AF00CB35B4.tmp' to 'D:/School/Art Institute/Classes/Social and Mobile Game Design/Milestones_New/M5T1_Trevino/Content/Trevino_Content/Trevino_Textures/FX/tvr_5.uasset'
[2017.03.26-12.56.03:773][ 52]LogSavePackage:Display: Finished SavePackage D:/School/Art Institute/Classes/Social and Mobile Game Design/Milestones_New/M5T1_Trevino/Content/Trevino_Content/Trevino_Textures/FX/tvr_5.uasset
[2017.03.26-12.56.11:734][312]LogSavePackage: Save=2.33ms
[2017.03.26-12.56.11:734][312]LogSavePackage: Moving 'D:/School/Art Institute/Classes/Social and Mobile Game Design/Milestones_New/M5T1_Trevino/Saved/tvr_flipbookF0E73FE84B6043BC1C1839AA62C34851.tmp' to 'D:/School/Art Institute/Classes/Social and Mobile Game Design/Milestones_New/M5T1_Trevino/Content/Trevino_Content/Trevino_Textures/FX/tvr_flipbook.uasset'
[2017.03.26-12.56.11:736][312]LogSavePackage:Display: Finished SavePackage D:/School/Art Institute/Classes/Social and Mobile Game Design/Milestones_New/M5T1_Trevino/Content/Trevino_Content/Trevino_Textures/FX/tvr_flipbook.uasset
[2017.03.26-12.56.33:582][ 88]LogSavePackage: Save=17.03ms
[2017.03.26-12.56.33:582][ 88]LogSavePackage: Moving 'D:/School/Art Institute/Classes/Social and Mobile Game Design/Milestones_New/M5T1_Trevino/Saved/tvr_flipbook7AB80E6E463C2B5D6A0947ADB7636AD3.tmp' to 'D:/School/Art Institute/Classes/Social and Mobile Game Design/Milestones_New/M5T1_Trevino/Content/Trevino_Content/Trevino_Flipbbooks/tvr_flipbook.uasset'
[2017.03.26-12.56.33:585][ 88]LogSavePackage:Display: Finished SavePackage D:/School/Art Institute/Classes/Social and Mobile Game Design/Milestones_New/M5T1_Trevino/Content/Trevino_Content/Trevino_Flipbbooks/tvr_flipbook.uasset
[2017.03.26-12.56.40:969][335]LogContentBrowser: Native class hierarchy updated for 'BlueprintGraph' in 0.0036 seconds. Added 111 classes and 0 folders.
[2017.03.26-12.57.19:230][777]BlueprintLog: New page: Compile Hexplosion
[2017.03.26-12.57.20:428][802]LogSavePackage: Save=120.25ms
[2017.03.26-12.57.20:428][802]LogSavePackage: Moving 'D:/School/Art Institute/Classes/Social and Mobile Game Design/Milestones_New/M5T1_Trevino/Saved/HexplosionE1B542424502F7CC6BA4EBA00A380A25.tmp' to 'D:/School/Art Institute/Classes/Social and Mobile Game Design/Milestones_New/M5T1_Trevino/Content/Blueprints/Asset/Hexplosion.uasset'
[2017.03.26-12.57.20:436][802]LogSavePackage:Display: Finished SavePackage D:/School/Art Institute/Classes/Social and Mobile Game Design/Milestones_New/M5T1_Trevino/Content/Blueprints/Asset/Hexplosion.uasset
[2017.03.26-12.57.30:602][196]LogSavePackage: Save=213.32ms
[2017.03.26-12.57.30:602][196]LogSavePackage: Moving 'D:/School/Art Institute/Classes/Social and Mobile Game Design/Milestones_New/M5T1_Trevino/Saved/mnMenuD34375D94DC941B7F716B8905BB806A3.tmp' to 'D:/School/Art Institute/Classes/Social and Mobile Game Design/Milestones_New/M5T1_Trevino/Content/Maps/mnMenu.umap'
[2017.03.26-12.57.30:604][196]LogSavePackage:Display: Finished SavePackage D:/School/Art Institute/Classes/Social and Mobile Game Design/Milestones_New/M5T1_Trevino/Content/Maps/mnMenu.umap
[2017.03.26-13.01.22:740][729]BlueprintLog: New page: Compile Character_Pawn
[2017.03.26-13.01.24:369][757]LogSavePackage: Save=197.17ms
[2017.03.26-13.01.24:369][757]LogSavePackage: Moving 'D:/School/Art Institute/Classes/Social and Mobile Game Design/Milestones_New/M5T1_Trevino/Saved/Character_PawnD297DE8D4607279D7831B4975C850A12.tmp' to 'D:/School/Art Institute/Classes/Social and Mobile Game Design/Milestones_New/M5T1_Trevino/Content/Blueprints/Character/Character_Pawn.uasset'
[2017.03.26-13.01.24:373][757]LogSavePackage:Display: Finished SavePackage D:/School/Art Institute/Classes/Social and Mobile Game Design/Milestones_New/M5T1_Trevino/Content/Blueprints/Character/Character_Pawn.uasset
[2017.03.26-13.03.28:466][289]BlueprintLog: New page: Compile Turret_Enemy
[2017.03.26-13.03.29:703][324]LogSavePackage: Save=115.11ms
[2017.03.26-13.03.29:703][324]LogSavePackage: Moving 'D:/School/Art Institute/Classes/Social and Mobile Game Design/Milestones_New/M5T1_Trevino/Saved/Turret_Enemy3D5ABDBC4592439A79395893CCDF652E.tmp' to 'D:/School/Art Institute/Classes/Social and Mobile Game Design/Milestones_New/M5T1_Trevino/Content/Blueprints/Enemies/Level1_Enemies/Turret_Enemy.uasset'
[2017.03.26-13.03.29:706][324]LogSavePackage:Display: Finished SavePackage D:/School/Art Institute/Classes/Social and Mobile Game Design/Milestones_New/M5T1_Trevino/Content/Blueprints/Enemies/Level1_Enemies/Turret_Enemy.uasset
[2017.03.26-13.04.42:175][552]BlueprintLog: New page: Compile Enemy1
[2017.03.26-13.04.43:442][589]LogSavePackage: Save=64.47ms
[2017.03.26-13.04.43:442][589]LogSavePackage: Moving 'D:/School/Art Institute/Classes/Social and Mobile Game Design/Milestones_New/M5T1_Trevino/Saved/Enemy1866E0CEB4DA580D2B65166A8C87B25F3.tmp' to 'D:/School/Art Institute/Classes/Social and Mobile Game Design/Milestones_New/M5T1_Trevino/Content/Blueprints/Enemies/Level1_Enemies/Enemy1.uasset'
[2017.03.26-13.04.43:446][589]LogSavePackage:Display: Finished SavePackage D:/School/Art Institute/Classes/Social and Mobile Game Design/Milestones_New/M5T1_Trevino/Content/Blueprints/Enemies/Level1_Enemies/Enemy1.uasset
[2017.03.26-13.05.15:659][766]BlueprintLog: New page: Compile Enemy2
[2017.03.26-13.05.18:199][866]LogSavePackage: Save=115.05ms
[2017.03.26-13.05.18:199][866]LogSavePackage: Moving 'D:/School/Art Institute/Classes/Social and Mobile Game Design/Milestones_New/M5T1_Trevino/Saved/Enemy2B3DB91934DF2B5F629191189D921B9A6.tmp' to 'D:/School/Art Institute/Classes/Social and Mobile Game Design/Milestones_New/M5T1_Trevino/Content/Blueprints/Enemies/Level1_Enemies/Enemy2.uasset'
[2017.03.26-13.05.18:203][866]LogSavePackage:Display: Finished SavePackage D:/School/Art Institute/Classes/Social and Mobile Game Design/Milestones_New/M5T1_Trevino/Content/Blueprints/Enemies/Level1_Enemies/Enemy2.uasset
[2017.03.26-13.05.42:352][691]BlueprintLog: New page: Compile Enemy3
[2017.03.26-13.05.43:543][724]LogSavePackage: Save=90.45ms
[2017.03.26-13.05.43:543][724]LogSavePackage: Moving 'D:/School/Art Institute/Classes/Social and Mobile Game Design/Milestones_New/M5T1_Trevino/Saved/Enemy38A5130B94605FA336BF33D9616C39795.tmp' to 'D:/School/Art Institute/Classes/Social and Mobile Game Design/Milestones_New/M5T1_Trevino/Content/Blueprints/Enemies/Level1_Enemies/Enemy3.uasset'
[2017.03.26-13.05.43:547][724]LogSavePackage:Display: Finished SavePackage D:/School/Art Institute/Classes/Social and Mobile Game Design/Milestones_New/M5T1_Trevino/Content/Blueprints/Enemies/Level1_Enemies/Enemy3.uasset
[2017.03.26-13.05.48:618][896]BlueprintLog: New page: Compile Turret_Enemy
[2017.03.26-13.05.49:498][913]LogSavePackage: Save=94.21ms
[2017.03.26-13.05.49:498][913]LogSavePackage: Moving 'D:/School/Art Institute/Classes/Social and Mobile Game Design/Milestones_New/M5T1_Trevino/Saved/Turret_Enemy016CADDC457BD476592B7DBFE677D055.tmp' to 'D:/School/Art Institute/Classes/Social and Mobile Game Design/Milestones_New/M5T1_Trevino/Content/Blueprints/Enemies/Level1_Enemies/Turret_Enemy.uasset'
[2017.03.26-13.05.49:501][913]LogSavePackage:Display: Finished SavePackage D:/School/Art Institute/Classes/Social and Mobile Game Design/Milestones_New/M5T1_Trevino/Content/Blueprints/Enemies/Level1_Enemies/Turret_Enemy.uasset
[2017.03.26-13.06.21:374][867]BlueprintLog: New page: Compile Asteroid_BP
[2017.03.26-13.06.31:670][187]BlueprintLog: New page: Compile Turret_Enemy
[2017.03.26-13.06.33:685][258]LogTemp: Repeting last play command: New Editor Window (PIE)
[2017.03.26-13.06.33:735][258]LogBlueprintUserMessages: Early PlayInEditor Detection: Level '/Game/Maps/mnMenu.mnMenu:PersistentLevel' has LevelScriptBlueprint '/Game/Maps/mnMenu.mnMenu:PersistentLevel.mnMenu' with GeneratedClass '/Game/Maps/mnMenu.mnMenu_C' with ClassGeneratedBy '/Game/Maps/mnMenu.mnMenu:PersistentLevel.mnMenu'
[2017.03.26-13.06.33:737][258]BlueprintLog: New page: Pre-Play auto-recompile
[2017.03.26-13.06.33:737][258]LogPlayLevel: [PlayLevel] Compiling Character_Pawn before play...
[2017.03.26-13.06.34:529][258]LogPlayLevel: PlayLevel: Blueprint regeneration took 791 ms (1 blueprints)
[2017.03.26-13.06.34:536][258]PIE: New page: PIE session: mnMenu (Mar 26, 2017, 5:06:34 AM)
[2017.03.26-13.06.34:536][258]LogPlayLevel: Creating play world package: /Game/Maps/UEDPIE_0_mnMenu
[2017.03.26-13.06.34:541][258]LogPlayLevel: PIE: StaticDuplicateObject took: (0.004456s)
[2017.03.26-13.06.34:542][258]LogAIModule: Creating AISystem for world mnMenu
[2017.03.26-13.06.34:543][258]LogPlayLevel: PIE: World Init took: (0.001985s)
[2017.03.26-13.06.34:544][258]LogPlayLevel: PIE: Created PIE world by copying editor world from /Game/Maps/mnMenu.mnMenu to /Game/Maps/UEDPIE_0_mnMenu.mnMenu (0.007394s)
[2017.03.26-13.06.34:707][258]LogInit: XAudio2 using '1 - LCD TV (AMD High Definition Audio Device)' : 2 channels at 48 kHz using 16 bits per sample (channel mask 0x3)
[2017.03.26-13.06.34:742][258]LogInit: FAudioDevice initialized.
[2017.03.26-13.06.35:130][258]LogLoad: Game class is 'SpaceTemplate_GameMode_C'
[2017.03.26-13.06.35:143][258]LogWorld: Bringing World /Game/Maps/UEDPIE_0_mnMenu.mnMenu up for play (max tick rate 0) at 2017.03.26-09.06.35
[2017.03.26-13.06.35:146][258]LogWorld: Bringing up level for play took: 0.004599
[2017.03.26-13.06.35:155][258]LogLinker:Warning: Can't find file '/Game/NewTouchInterface'
[2017.03.26-13.06.35:156][258]LogLinker:Warning: Can't find file '/Game/NewTouchInterface'
[2017.03.26-13.06.35:156][258]LogUObjectGlobals:Warning: Failed to find object 'TouchInterface /Game/NewTouchInterface.NewTouchInterface'
[2017.03.26-13.06.35:307][258]LogContentBrowser: Native class hierarchy updated for 'MovieSceneCapture' in 0.0017 seconds. Added 11 classes and 0 folders.
[2017.03.26-13.06.35:307][258]LogGameMode:Display: Match State Changed from EnteringMap to WaitingToStart
[2017.03.26-13.06.35:308][258]LogGameState: Match State Changed from EnteringMap to WaitingToStart
[2017.03.26-13.06.35:308][258]LogGameMode:Display: Match State Changed from WaitingToStart to InProgress
[2017.03.26-13.06.35:335][258]LogGameState: Match State Changed from WaitingToStart to InProgress
[2017.03.26-13.06.35:344][258]PIE: Info Play in editor start time for /Game/Maps/UEDPIE_0_mnMenu 1.358
[2017.03.26-13.06.35:345][258]LogBlueprintUserMessages: Late PlayInEditor Detection: Level '/Game/Maps/mnMenu.mnMenu:PersistentLevel' has LevelScriptBlueprint '/Game/Maps/mnMenu.mnMenu:PersistentLevel.mnMenu' with GeneratedClass '/Game/Maps/mnMenu.mnMenu_C' with ClassGeneratedBy '/Game/Maps/mnMenu.mnMenu:PersistentLevel.mnMenu'
[2017.03.26-13.06.37:833][345]LogGameMode:Display: Match State Changed from InProgress to LeavingMap
[2017.03.26-13.06.37:833][345]LogGameState: Match State Changed from InProgress to LeavingMap
[2017.03.26-13.06.37:834][345]LogNet: Browse: /Game/Maps/Level1
[2017.03.26-13.06.37:835][345]LogLoad: LoadMap: /Game/Maps/Level1
[2017.03.26-13.06.37:878][345]Cmd: MEM
[2017.03.26-13.06.37:925][345]LogMemory: Platform Memory Stats for Windows
[2017.03.26-13.06.37:925][345]LogMemory: Process Physical Memory: 1193.07 MB used, 1231.34 MB peak
[2017.03.26-13.06.37:925][345]LogMemory: Process Virtual Memory: 2696.44 MB used, 2696.44 MB peak
[2017.03.26-13.06.37:925][345]LogMemory: Physical Memory: 14096.88 MB used,  2234.14 MB free, 16331.01 MB total
[2017.03.26-13.06.37:925][345]LogMemory: Virtual Memory: 3515.23 MB used,  2234.14 MB free, 134217728.00 MB total
[2017.03.26-13.06.37:925][345]LogMemory: 
[2017.03.26-13.06.37:925][345]Allocator Stats for TBB: (not implemented)
[2017.03.26-13.06.40:728][345]LogAIModule: Creating AISystem for world Level1
[2017.03.26-13.06.40:729][345]LogLoad: Game class is 'SpaceTemplate_GameMode_C'
[2017.03.26-13.06.40:736][345]LogWorld: Bringing World /Game/Maps/UEDPIE_0_Level1.Level1 up for play (max tick rate 0) at 2017.03.26-09.06.40
[2017.03.26-13.06.40:737][345]LogWorld: Bringing up level for play took: 0.004928
[2017.03.26-13.06.40:737][345]LogGameMode: Warning - PATHS NOT DEFINED or NO PLAYERSTART with positive rating
[2017.03.26-13.06.40:738][345]LogLinker:Warning: Can't find file '/Game/NewTouchInterface'
[2017.03.26-13.06.40:738][345]LogLinker:Warning: Can't find file '/Game/NewTouchInterface'
[2017.03.26-13.06.40:738][345]LogUObjectGlobals:Warning: Failed to find object 'TouchInterface /Game/NewTouchInterface.NewTouchInterface'
[2017.03.26-13.06.40:739][345]LogGameMode:Display: Match State Changed from EnteringMap to WaitingToStart
[2017.03.26-13.06.40:739][345]LogGameState: Match State Changed from EnteringMap to WaitingToStart
[2017.03.26-13.06.40:739][345]LogGameMode:Display: Match State Changed from WaitingToStart to InProgress
[2017.03.26-13.06.40:749][345]LogGameState: Match State Changed from WaitingToStart to InProgress
[2017.03.26-13.06.40:750][345]LogLoad: Took 2.914863 seconds to LoadMap(/Game/Maps/Level1)
[2017.03.26-13.06.41:456][375]LogBlueprintUserMessages: [Enemy2_C_0] Hello
[2017.03.26-13.06.47:505][634]LogBlueprintUserMessages: [Powerup_C_0] Health Added
[2017.03.26-13.06.47:889][652]LogBlueprintUserMessages: [Enemy2_C_1] Hello
[2017.03.26-13.06.50:029][748]LogBlueprintUserMessages: [Enemy3_C_0] Hello
[2017.03.26-13.06.51:050][796]LogBlueprintUserMessages: [Enemy2_C_2] Hello
[2017.03.26-13.06.52:021][841]LogBlueprintUserMessages: Early EndPlayMap Detection: Level '/Game/Maps/mnMenu.mnMenu:PersistentLevel' has LevelScriptBlueprint '/Game/Maps/mnMenu.mnMenu:PersistentLevel.mnMenu' with GeneratedClass '/Game/Maps/mnMenu.mnMenu_C' with ClassGeneratedBy '/Game/Maps/mnMenu.mnMenu:PersistentLevel.mnMenu'
[2017.03.26-13.06.52:102][841]LogBlueprintUserMessages: Late EndPlayMap Detection: Level '/Game/Maps/mnMenu.mnMenu:PersistentLevel' has LevelScriptBlueprint '/Game/Maps/mnMenu.mnMenu:PersistentLevel.mnMenu' with GeneratedClass '/Game/Maps/mnMenu.mnMenu_C' with ClassGeneratedBy '/Game/Maps/mnMenu.mnMenu:PersistentLevel.mnMenu'
[2017.03.26-13.07.03:446][354]BlueprintLog: New page: Compile Turret_Enemy
[2017.03.26-13.07.14:152][763]BlueprintLog: New page: Compile Enemy3
[2017.03.26-13.07.15:619][813]LogSavePackage: Save=91.43ms
[2017.03.26-13.07.15:619][813]LogSavePackage: Moving 'D:/School/Art Institute/Classes/Social and Mobile Game Design/Milestones_New/M5T1_Trevino/Saved/Enemy35C24D7B9403C7E50147F4DAB1D8749FD.tmp' to 'D:/School/Art Institute/Classes/Social and Mobile Game Design/Milestones_New/M5T1_Trevino/Content/Blueprints/Enemies/Level1_Enemies/Enemy3.uasset'
[2017.03.26-13.07.15:622][813]LogSavePackage:Display: Finished SavePackage D:/School/Art Institute/Classes/Social and Mobile Game Design/Milestones_New/M5T1_Trevino/Content/Blueprints/Enemies/Level1_Enemies/Enemy3.uasset
[2017.03.26-13.07.24:801][142]BlueprintLog: New page: Compile Enemy2
[2017.03.26-13.07.25:906][170]LogSavePackage: Save=135.70ms
[2017.03.26-13.07.25:907][170]LogSavePackage: Moving 'D:/School/Art Institute/Classes/Social and Mobile Game Design/Milestones_New/M5T1_Trevino/Saved/Enemy2B260111A4388C0BF416D3C897FA53DB7.tmp' to 'D:/School/Art Institute/Classes/Social and Mobile Game Design/Milestones_New/M5T1_Trevino/Content/Blueprints/Enemies/Level1_Enemies/Enemy2.uasset'
[2017.03.26-13.07.25:911][170]LogSavePackage:Display: Finished SavePackage D:/School/Art Institute/Classes/Social and Mobile Game Design/Milestones_New/M5T1_Trevino/Content/Blueprints/Enemies/Level1_Enemies/Enemy2.uasset
[2017.03.26-13.07.39:080][729]BlueprintLog: New page: Compile Enemy1
[2017.03.26-13.07.44:005][930]LogSavePackage: Save=77.76ms
[2017.03.26-13.07.44:005][930]LogSavePackage: Moving 'D:/School/Art Institute/Classes/Social and Mobile Game Design/Milestones_New/M5T1_Trevino/Saved/Enemy1F2AB9123478FEE1B3D023798C9E59F58.tmp' to 'D:/School/Art Institute/Classes/Social and Mobile Game Design/Milestones_New/M5T1_Trevino/Content/Blueprints/Enemies/Level1_Enemies/Enemy1.uasset'
[2017.03.26-13.07.44:010][930]LogSavePackage:Display: Finished SavePackage D:/School/Art Institute/Classes/Social and Mobile Game Design/Milestones_New/M5T1_Trevino/Content/Blueprints/Enemies/Level1_Enemies/Enemy1.uasset
[2017.03.26-13.07.55:467][283]LogSavePackage: Save=107.76ms
[2017.03.26-13.07.55:467][283]LogSavePackage: Moving 'D:/School/Art Institute/Classes/Social and Mobile Game Design/Milestones_New/M5T1_Trevino/Saved/Turret_EnemyA76B933C4258BC5BC5AC599415069E72.tmp' to 'D:/School/Art Institute/Classes/Social and Mobile Game Design/Milestones_New/M5T1_Trevino/Content/Blueprints/Enemies/Level1_Enemies/Turret_Enemy.uasset'
[2017.03.26-13.07.55:471][283]LogSavePackage:Display: Finished SavePackage D:/School/Art Institute/Classes/Social and Mobile Game Design/Milestones_New/M5T1_Trevino/Content/Blueprints/Enemies/Level1_Enemies/Turret_Enemy.uasset
[2017.03.26-13.07.59:056][373]LogTemp: Repeting last play command: New Editor Window (PIE)
[2017.03.26-13.07.59:095][373]LogBlueprintUserMessages: Early PlayInEditor Detection: Level '/Game/Maps/mnMenu.mnMenu:PersistentLevel' has LevelScriptBlueprint '/Game/Maps/mnMenu.mnMenu:PersistentLevel.mnMenu' with GeneratedClass '/Game/Maps/mnMenu.mnMenu_C' with ClassGeneratedBy '/Game/Maps/mnMenu.mnMenu:PersistentLevel.mnMenu'
[2017.03.26-13.07.59:095][373]LogPlayLevel: PlayLevel: No blueprints needed recompiling
[2017.03.26-13.07.59:095][373]PIE: New page: PIE session: mnMenu (Mar 26, 2017, 5:07:59 AM)
[2017.03.26-13.07.59:095][373]LogPlayLevel: Creating play world package: /Game/Maps/UEDPIE_0_mnMenu
[2017.03.26-13.07.59:097][373]LogPlayLevel: PIE: StaticDuplicateObject took: (0.001946s)
[2017.03.26-13.07.59:098][373]LogAIModule: Creating AISystem for world mnMenu
[2017.03.26-13.07.59:098][373]LogPlayLevel: PIE: World Init took: (0.000968s)
[2017.03.26-13.07.59:098][373]LogPlayLevel: PIE: Created PIE world by copying editor world from /Game/Maps/mnMenu.mnMenu to /Game/Maps/UEDPIE_0_mnMenu.mnMenu (0.003249s)
[2017.03.26-13.07.59:283][373]LogInit: XAudio2 using '1 - LCD TV (AMD High Definition Audio Device)' : 2 channels at 48 kHz using 16 bits per sample (channel mask 0x3)
[2017.03.26-13.07.59:320][373]LogInit: FAudioDevice initialized.
[2017.03.26-13.07.59:609][373]LogLoad: Game class is 'SpaceTemplate_GameMode_C'
[2017.03.26-13.07.59:614][373]LogWorld: Bringing World /Game/Maps/UEDPIE_0_mnMenu.mnMenu up for play (max tick rate 0) at 2017.03.26-09.07.59
[2017.03.26-13.07.59:615][373]LogWorld: Bringing up level for play took: 0.002729
[2017.03.26-13.07.59:616][373]LogLinker:Warning: Can't find file '/Game/NewTouchInterface'
[2017.03.26-13.07.59:616][373]LogLinker:Warning: Can't find file '/Game/NewTouchInterface'
[2017.03.26-13.07.59:617][373]LogUObjectGlobals:Warning: Failed to find object 'TouchInterface /Game/NewTouchInterface.NewTouchInterface'
[2017.03.26-13.07.59:617][373]LogGameMode:Display: Match State Changed from EnteringMap to WaitingToStart
[2017.03.26-13.07.59:617][373]LogGameState: Match State Changed from EnteringMap to WaitingToStart
[2017.03.26-13.07.59:617][373]LogGameMode:Display: Match State Changed from WaitingToStart to InProgress
[2017.03.26-13.07.59:620][373]LogGameState: Match State Changed from WaitingToStart to InProgress
[2017.03.26-13.07.59:636][373]PIE: Info Play in editor start time for /Game/Maps/UEDPIE_0_mnMenu -0.35
[2017.03.26-13.07.59:637][373]LogBlueprintUserMessages: Late PlayInEditor Detection: Level '/Game/Maps/mnMenu.mnMenu:PersistentLevel' has LevelScriptBlueprint '/Game/Maps/mnMenu.mnMenu:PersistentLevel.mnMenu' with GeneratedClass '/Game/Maps/mnMenu.mnMenu_C' with ClassGeneratedBy '/Game/Maps/mnMenu.mnMenu:PersistentLevel.mnMenu'
[2017.03.26-13.08.02:267][467]LogGameMode:Display: Match State Changed from InProgress to LeavingMap
[2017.03.26-13.08.02:267][467]LogGameState: Match State Changed from InProgress to LeavingMap
[2017.03.26-13.08.02:268][467]LogNet: Browse: /Game/Maps/Level1
[2017.03.26-13.08.02:268][467]LogLoad: LoadMap: /Game/Maps/Level1
[2017.03.26-13.08.02:318][467]Cmd: MEM
[2017.03.26-13.08.02:360][467]LogMemory: Platform Memory Stats for Windows
[2017.03.26-13.08.02:360][467]LogMemory: Process Physical Memory: 1281.50 MB used, 1287.78 MB peak
[2017.03.26-13.08.02:360][467]LogMemory: Process Virtual Memory: 2688.87 MB used, 2823.65 MB peak
[2017.03.26-13.08.02:360][467]LogMemory: Physical Memory: 14135.29 MB used,  2195.72 MB free, 16331.01 MB total
[2017.03.26-13.08.02:360][467]LogMemory: Virtual Memory: 3503.92 MB used,  2195.72 MB free, 134217728.00 MB total
[2017.03.26-13.08.02:360][467]LogMemory: 
[2017.03.26-13.08.02:360][467]Allocator Stats for TBB: (not implemented)
[2017.03.26-13.08.02:928][467]LogAIModule: Creating AISystem for world Level1
[2017.03.26-13.08.02:928][467]LogLoad: Game class is 'SpaceTemplate_GameMode_C'
[2017.03.26-13.08.02:934][467]LogWorld: Bringing World /Game/Maps/UEDPIE_0_Level1.Level1 up for play (max tick rate 0) at 2017.03.26-09.08.02
[2017.03.26-13.08.02:935][467]LogWorld: Bringing up level for play took: 0.003933
[2017.03.26-13.08.02:936][467]LogGameMode: Warning - PATHS NOT DEFINED or NO PLAYERSTART with positive rating
[2017.03.26-13.08.02:936][467]LogLinker:Warning: Can't find file '/Game/NewTouchInterface'
[2017.03.26-13.08.02:937][467]LogLinker:Warning: Can't find file '/Game/NewTouchInterface'
[2017.03.26-13.08.02:937][467]LogUObjectGlobals:Warning: Failed to find object 'TouchInterface /Game/NewTouchInterface.NewTouchInterface'
[2017.03.26-13.08.02:937][467]LogGameMode:Display: Match State Changed from EnteringMap to WaitingToStart
[2017.03.26-13.08.02:937][467]LogGameState: Match State Changed from EnteringMap to WaitingToStart
[2017.03.26-13.08.02:937][467]LogGameMode:Display: Match State Changed from WaitingToStart to InProgress
[2017.03.26-13.08.02:942][467]LogGameState: Match State Changed from WaitingToStart to InProgress
[2017.03.26-13.08.02:942][467]LogLoad: Took 0.673957 seconds to LoadMap(/Game/Maps/Level1)
[2017.03.26-13.08.03:564][495]LogBlueprintUserMessages: [Enemy3_C_0] Hello
[2017.03.26-13.08.08:221][695]LogBlueprintUserMessages: [Powerup_C_0] Health Added
[2017.03.26-13.08.11:592][840]LogBlueprintUserMessages: [Powerup_C_1] Health Added
[2017.03.26-13.08.13:038][903]LogBlueprintUserMessages: Early EndPlayMap Detection: Level '/Game/Maps/mnMenu.mnMenu:PersistentLevel' has LevelScriptBlueprint '/Game/Maps/mnMenu.mnMenu:PersistentLevel.mnMenu' with GeneratedClass '/Game/Maps/mnMenu.mnMenu_C' with ClassGeneratedBy '/Game/Maps/mnMenu.mnMenu:PersistentLevel.mnMenu'
[2017.03.26-13.08.13:113][903]LogBlueprintUserMessages: Late EndPlayMap Detection: Level '/Game/Maps/mnMenu.mnMenu:PersistentLevel' has LevelScriptBlueprint '/Game/Maps/mnMenu.mnMenu:PersistentLevel.mnMenu' with GeneratedClass '/Game/Maps/mnMenu.mnMenu_C' with ClassGeneratedBy '/Game/Maps/mnMenu.mnMenu:PersistentLevel.mnMenu'
[2017.03.26-13.08.26:347][473]LogEditorTransaction: Undo Move Node
[2017.03.26-13.08.26:587][474]LogEditorTransaction: Undo Move Node
[2017.03.26-13.09.10:973][350]BlueprintLog: New page: Compile Turret_Enemy
[2017.03.26-13.09.12:030][377]LogSavePackage: Save=123.09ms
[2017.03.26-13.09.12:030][377]LogSavePackage: Moving 'D:/School/Art Institute/Classes/Social and Mobile Game Design/Milestones_New/M5T1_Trevino/Saved/Turret_Enemy8B9DBDF240BE15397F1ED0AFB07D0B80.tmp' to 'D:/School/Art Institute/Classes/Social and Mobile Game Design/Milestones_New/M5T1_Trevino/Content/Blueprints/Enemies/Level1_Enemies/Turret_Enemy.uasset'
[2017.03.26-13.09.12:034][377]LogSavePackage:Display: Finished SavePackage D:/School/Art Institute/Classes/Social and Mobile Game Design/Milestones_New/M5T1_Trevino/Content/Blueprints/Enemies/Level1_Enemies/Turret_Enemy.uasset
[2017.03.26-13.09.33:647][222]BlueprintLog: New page: Compile Enemy3
[2017.03.26-13.09.36:179][289]LogSavePackage: Save=93.50ms
[2017.03.26-13.09.36:179][289]LogSavePackage: Moving 'D:/School/Art Institute/Classes/Social and Mobile Game Design/Milestones_New/M5T1_Trevino/Saved/Enemy3FF2DA7A24560B458DE35178AC647D72A.tmp' to 'D:/School/Art Institute/Classes/Social and Mobile Game Design/Milestones_New/M5T1_Trevino/Content/Blueprints/Enemies/Level1_Enemies/Enemy3.uasset'
[2017.03.26-13.09.36:183][289]LogSavePackage:Display: Finished SavePackage D:/School/Art Institute/Classes/Social and Mobile Game Design/Milestones_New/M5T1_Trevino/Content/Blueprints/Enemies/Level1_Enemies/Enemy3.uasset
[2017.03.26-13.10.13:308][645]BlueprintLog: New page: Compile Turret_Enemy
[2017.03.26-13.10.14:370][665]LogSavePackage: Save=102.83ms
[2017.03.26-13.10.14:370][665]LogSavePackage: Moving 'D:/School/Art Institute/Classes/Social and Mobile Game Design/Milestones_New/M5T1_Trevino/Saved/Turret_Enemy0D7904434D06850033D298BE5E5A809F.tmp' to 'D:/School/Art Institute/Classes/Social and Mobile Game Design/Milestones_New/M5T1_Trevino/Content/Blueprints/Enemies/Level1_Enemies/Turret_Enemy.uasset'
[2017.03.26-13.10.14:373][665]LogSavePackage:Display: Finished SavePackage D:/School/Art Institute/Classes/Social and Mobile Game Design/Milestones_New/M5T1_Trevino/Content/Blueprints/Enemies/Level1_Enemies/Turret_Enemy.uasset
[2017.03.26-13.10.16:495][740]BlueprintLog: New page: Compile Enemy3
[2017.03.26-13.10.17:345][756]LogSavePackage: Save=102.02ms
[2017.03.26-13.10.17:345][756]LogSavePackage: Moving 'D:/School/Art Institute/Classes/Social and Mobile Game Design/Milestones_New/M5T1_Trevino/Saved/Enemy307C68FD9434BC981CCBF79BA946D0A08.tmp' to 'D:/School/Art Institute/Classes/Social and Mobile Game Design/Milestones_New/M5T1_Trevino/Content/Blueprints/Enemies/Level1_Enemies/Enemy3.uasset'
[2017.03.26-13.10.17:349][756]LogSavePackage:Display: Finished SavePackage D:/School/Art Institute/Classes/Social and Mobile Game Design/Milestones_New/M5T1_Trevino/Content/Blueprints/Enemies/Level1_Enemies/Enemy3.uasset
[2017.03.26-13.10.19:892][836]BlueprintLog: New page: Compile Enemy2
[2017.03.26-13.10.20:812][855]LogSavePackage: Save=105.90ms
[2017.03.26-13.10.20:812][855]LogSavePackage: Moving 'D:/School/Art Institute/Classes/Social and Mobile Game Design/Milestones_New/M5T1_Trevino/Saved/Enemy252FD07EA4BDE57327DF5EFBDB66ABCB1.tmp' to 'D:/School/Art Institute/Classes/Social and Mobile Game Design/Milestones_New/M5T1_Trevino/Content/Blueprints/Enemies/Level1_Enemies/Enemy2.uasset'
[2017.03.26-13.10.20:817][855]LogSavePackage:Display: Finished SavePackage D:/School/Art Institute/Classes/Social and Mobile Game Design/Milestones_New/M5T1_Trevino/Content/Blueprints/Enemies/Level1_Enemies/Enemy2.uasset
[2017.03.26-13.10.46:587][815]BlueprintLog: New page: Compile Enemy1
[2017.03.26-13.10.47:527][837]LogSavePackage: Save=79.61ms
[2017.03.26-13.10.47:527][837]LogSavePackage: Moving 'D:/School/Art Institute/Classes/Social and Mobile Game Design/Milestones_New/M5T1_Trevino/Saved/Enemy102106B1D417D7C19FE6F66AED293845C.tmp' to 'D:/School/Art Institute/Classes/Social and Mobile Game Design/Milestones_New/M5T1_Trevino/Content/Blueprints/Enemies/Level1_Enemies/Enemy1.uasset'
[2017.03.26-13.10.47:531][837]LogSavePackage:Display: Finished SavePackage D:/School/Art Institute/Classes/Social and Mobile Game Design/Milestones_New/M5T1_Trevino/Content/Blueprints/Enemies/Level1_Enemies/Enemy1.uasset
[2017.03.26-13.10.54:612][ 50]LogActorComponent: UnregisterComponent: (/Engine/Transient.EditorFloorComp) Not registered. Aborting.
[2017.03.26-13.11.35:662][726]BlueprintLog: New page: Compile Character_Pawn
[2017.03.26-13.11.37:807][751]LogSavePackage: Save=186.18ms
[2017.03.26-13.11.37:807][751]LogSavePackage: Moving 'D:/School/Art Institute/Classes/Social and Mobile Game Design/Milestones_New/M5T1_Trevino/Saved/Character_PawnE7907E0948FCBEA93C4B07AC5310A840.tmp' to 'D:/School/Art Institute/Classes/Social and Mobile Game Design/Milestones_New/M5T1_Trevino/Content/Blueprints/Character/Character_Pawn.uasset'
[2017.03.26-13.11.37:812][751]LogSavePackage:Display: Finished SavePackage D:/School/Art Institute/Classes/Social and Mobile Game Design/Milestones_New/M5T1_Trevino/Content/Blueprints/Character/Character_Pawn.uasset
[2017.03.26-13.11.40:876][806]LogTemp: Repeting last play command: New Editor Window (PIE)
[2017.03.26-13.11.40:919][806]LogBlueprintUserMessages: Early PlayInEditor Detection: Level '/Game/Maps/mnMenu.mnMenu:PersistentLevel' has LevelScriptBlueprint '/Game/Maps/mnMenu.mnMenu:PersistentLevel.mnMenu' with GeneratedClass '/Game/Maps/mnMenu.mnMenu_C' with ClassGeneratedBy '/Game/Maps/mnMenu.mnMenu:PersistentLevel.mnMenu'
[2017.03.26-13.11.40:919][806]LogPlayLevel: PlayLevel: No blueprints needed recompiling
[2017.03.26-13.11.40:919][806]PIE: New page: PIE session: mnMenu (Mar 26, 2017, 5:11:40 AM)
[2017.03.26-13.11.40:920][806]LogPlayLevel: Creating play world package: /Game/Maps/UEDPIE_0_mnMenu
[2017.03.26-13.11.40:922][806]LogPlayLevel: PIE: StaticDuplicateObject took: (0.002639s)
[2017.03.26-13.11.40:923][806]LogAIModule: Creating AISystem for world mnMenu
[2017.03.26-13.11.40:924][806]LogPlayLevel: PIE: World Init took: (0.001503s)
[2017.03.26-13.11.40:924][806]LogPlayLevel: PIE: Created PIE world by copying editor world from /Game/Maps/mnMenu.mnMenu to /Game/Maps/UEDPIE_0_mnMenu.mnMenu (0.004565s)
[2017.03.26-13.11.41:087][806]LogInit: XAudio2 using '1 - LCD TV (AMD High Definition Audio Device)' : 2 channels at 48 kHz using 16 bits per sample (channel mask 0x3)
[2017.03.26-13.11.41:112][806]LogInit: FAudioDevice initialized.
[2017.03.26-13.11.41:416][806]LogLoad: Game class is 'SpaceTemplate_GameMode_C'
[2017.03.26-13.11.41:425][806]LogWorld: Bringing World /Game/Maps/UEDPIE_0_mnMenu.mnMenu up for play (max tick rate 0) at 2017.03.26-09.11.41
[2017.03.26-13.11.41:425][806]LogWorld: Bringing up level for play took: 0.003692
[2017.03.26-13.11.41:426][806]LogLinker:Warning: Can't find file '/Game/NewTouchInterface'
[2017.03.26-13.11.41:427][806]LogLinker:Warning: Can't find file '/Game/NewTouchInterface'
[2017.03.26-13.11.41:427][806]LogUObjectGlobals:Warning: Failed to find object 'TouchInterface /Game/NewTouchInterface.NewTouchInterface'
[2017.03.26-13.11.41:427][806]LogGameMode:Display: Match State Changed from EnteringMap to WaitingToStart
[2017.03.26-13.11.41:427][806]LogGameState: Match State Changed from EnteringMap to WaitingToStart
[2017.03.26-13.11.41:427][806]LogGameMode:Display: Match State Changed from WaitingToStart to InProgress
[2017.03.26-13.11.41:430][806]LogGameState: Match State Changed from WaitingToStart to InProgress
[2017.03.26-13.11.41:466][806]PIE: Info Play in editor start time for /Game/Maps/UEDPIE_0_mnMenu 1.481
[2017.03.26-13.11.41:467][806]LogBlueprintUserMessages: Late PlayInEditor Detection: Level '/Game/Maps/mnMenu.mnMenu:PersistentLevel' has LevelScriptBlueprint '/Game/Maps/mnMenu.mnMenu:PersistentLevel.mnMenu' with GeneratedClass '/Game/Maps/mnMenu.mnMenu_C' with ClassGeneratedBy '/Game/Maps/mnMenu.mnMenu:PersistentLevel.mnMenu'
[2017.03.26-13.11.43:476][850]LogGameMode:Display: Match State Changed from InProgress to LeavingMap
[2017.03.26-13.11.43:477][850]LogGameState: Match State Changed from InProgress to LeavingMap
[2017.03.26-13.11.43:478][850]LogNet: Browse: /Game/Maps/Level1
[2017.03.26-13.11.43:478][850]LogLoad: LoadMap: /Game/Maps/Level1
[2017.03.26-13.11.43:536][850]Cmd: MEM
[2017.03.26-13.11.43:574][850]LogMemory: Platform Memory Stats for Windows
[2017.03.26-13.11.43:574][850]LogMemory: Process Physical Memory: 1327.77 MB used, 1332.46 MB peak
[2017.03.26-13.11.43:574][850]LogMemory: Process Virtual Memory: 2681.22 MB used, 2823.65 MB peak
[2017.03.26-13.11.43:574][850]LogMemory: Physical Memory: 14146.38 MB used,  2184.63 MB free, 16331.01 MB total
[2017.03.26-13.11.43:574][850]LogMemory: Virtual Memory: 3511.92 MB used,  2184.63 MB free, 134217728.00 MB total
[2017.03.26-13.11.43:574][850]LogMemory: 
[2017.03.26-13.11.43:574][850]Allocator Stats for TBB: (not implemented)
[2017.03.26-13.11.44:058][850]LogAIModule: Creating AISystem for world Level1
[2017.03.26-13.11.44:058][850]LogLoad: Game class is 'SpaceTemplate_GameMode_C'
[2017.03.26-13.11.44:064][850]LogWorld: Bringing World /Game/Maps/UEDPIE_0_Level1.Level1 up for play (max tick rate 0) at 2017.03.26-09.11.44
[2017.03.26-13.11.44:064][850]LogWorld: Bringing up level for play took: 0.003324
[2017.03.26-13.11.44:064][850]LogGameMode: Warning - PATHS NOT DEFINED or NO PLAYERSTART with positive rating
[2017.03.26-13.11.44:065][850]LogLinker:Warning: Can't find file '/Game/NewTouchInterface'
[2017.03.26-13.11.44:065][850]LogLinker:Warning: Can't find file '/Game/NewTouchInterface'
[2017.03.26-13.11.44:065][850]LogUObjectGlobals:Warning: Failed to find object 'TouchInterface /Game/NewTouchInterface.NewTouchInterface'
[2017.03.26-13.11.44:065][850]LogGameMode:Display: Match State Changed from EnteringMap to WaitingToStart
[2017.03.26-13.11.44:065][850]LogGameState: Match State Changed from EnteringMap to WaitingToStart
[2017.03.26-13.11.44:065][850]LogGameMode:Display: Match State Changed from WaitingToStart to InProgress
[2017.03.26-13.11.44:070][850]LogGameState: Match State Changed from WaitingToStart to InProgress
[2017.03.26-13.11.44:070][850]LogLoad: Took 0.592506 seconds to LoadMap(/Game/Maps/Level1)
[2017.03.26-13.11.49:026][973]LogBlueprintUserMessages: [Enemy3_C_0] Hello
[2017.03.26-13.11.55:188][132]LogBlueprintUserMessages: Early EndPlayMap Detection: Level '/Game/Maps/mnMenu.mnMenu:PersistentLevel' has LevelScriptBlueprint '/Game/Maps/mnMenu.mnMenu:PersistentLevel.mnMenu' with GeneratedClass '/Game/Maps/mnMenu.mnMenu_C' with ClassGeneratedBy '/Game/Maps/mnMenu.mnMenu:PersistentLevel.mnMenu'
[2017.03.26-13.11.55:276][132]LogBlueprintUserMessages: Late EndPlayMap Detection: Level '/Game/Maps/mnMenu.mnMenu:PersistentLevel' has LevelScriptBlueprint '/Game/Maps/mnMenu.mnMenu:PersistentLevel.mnMenu' with GeneratedClass '/Game/Maps/mnMenu.mnMenu_C' with ClassGeneratedBy '/Game/Maps/mnMenu.mnMenu:PersistentLevel.mnMenu'
[2017.03.26-13.12.01:288][334]LogActorComponent: UnregisterComponent: (/Engine/Transient.EditorFloorComp) Not registered. Aborting.
[2017.03.26-13.12.01:434][334]LogActorComponent: UnregisterComponent: (/Engine/Transient.EditorFloorComp) Not registered. Aborting.
[2017.03.26-13.12.01:564][334]LogActorComponent: UnregisterComponent: (/Engine/Transient.EditorFloorComp) Not registered. Aborting.
[2017.03.26-13.12.01:660][334]LogActorComponent: UnregisterComponent: (/Engine/Transient.EditorFloorComp) Not registered. Aborting.
[2017.03.26-13.12.01:780][334]LogActorComponent: UnregisterComponent: (/Engine/Transient.EditorFloorComp) Not registered. Aborting.
[2017.03.26-13.12.16:692][361]LogContentBrowser: Native class hierarchy updated for 'Cascade' in 0.0009 seconds. Added 2 classes and 2 folders.
[2017.03.26-13.15.16:117][861]LogSlate:Warning: Prevented a slow task dialog from being summoned while a context menu was open
[2017.03.26-13.16.06:631][765]LogEditorTransaction: Undo Edit Distribution
[2017.03.26-13.16.07:285][789]LogEditorTransaction: Undo Edit Distribution
[2017.03.26-13.16.07:907][829]LogEditorTransaction: Undo Edit Distribution
[2017.03.26-13.16.08:463][865]LogEditorTransaction: Undo Edit Distribution
[2017.03.26-13.16.13:131][132]LogEditorTransaction: Undo Edit Distribution
[2017.03.26-13.16.13:983][165]LogEditorTransaction: Undo Edit Constant
[2017.03.26-13.16.15:096][237]LogEditorTransaction: Undo Edit Constant
[2017.03.26-13.16.15:848][287]LogEditorTransaction: Undo Edit Constant
[2017.03.26-13.16.16:539][332]LogEditorTransaction: Undo Edit Constant
[2017.03.26-13.16.17:024][364]LogEditorTransaction: Undo Edit Distribution
[2017.03.26-13.16.19:713][526]Cmd: TRANSACTION UNDO
[2017.03.26-13.16.19:713][526]LogEditorTransaction: Undo Edit Distribution
[2017.03.26-13.16.19:894][526]LogWindows: Windows GetLastError: The operation completed successfully. (0)
