Log file open, 03/26/17 13:22:52
LogInit:Display: Running engine for game: SpaceShooterTemplate
LogPlatformFile: Not using cached read wrapper
LogInit:Display: RandInit(-192177957) SRandInit(-192177957).
LogTaskGraph: Started task graph with 5 named threads and 8 total threads with 1 sets of task threads.
LogStats: Stats thread started at 0.124608
LogPluginManager: Loaded Plugin Paper2D, From C:/Program Files/Epic Games/UE_4.14/Engine/Plugins/2D/Paper2D/Paper2D.uplugin
LogPluginManager: Loaded Plugin LightPropagationVolume, From C:/Program Files/Epic Games/UE_4.14/Engine/Plugins/Blendables/LightPropagationVolume/LightPropagationVolume.uplugin
LogPluginManager: Loaded Plugin BlankPlugin, From C:/Program Files/Epic Games/UE_4.14/Engine/Plugins/Developer/BlankPlugin/BlankPlugin.uplugin
LogPluginManager: Loaded Plugin CodeLiteSourceCodeAccess, From C:/Program Files/Epic Games/UE_4.14/Engine/Plugins/Developer/CodeLiteSourceCodeAccess/CodeLiteSourceCodeAccess.uplugin
LogPluginManager: Loaded Plugin GitSourceControl, From C:/Program Files/Epic Games/UE_4.14/Engine/Plugins/Developer/GitSourceControl/GitSourceControl.uplugin
LogPluginManager: Loaded Plugin KDevelopSourceCodeAccess, From C:/Program Files/Epic Games/UE_4.14/Engine/Plugins/Developer/KDevelopSourceCodeAccess/KDevelopSourceCodeAccess.uplugin
LogPluginManager: Loaded Plugin NullSourceCodeAccess, From C:/Program Files/Epic Games/UE_4.14/Engine/Plugins/Developer/NullSourceCodeAccess/NullSourceCodeAccess.uplugin
LogPluginManager: Loaded Plugin OneSkyLocalizationService, From C:/Program Files/Epic Games/UE_4.14/Engine/Plugins/Developer/OneSkyLocalizationService/OneSkyLocalizationService.uplugin
LogPluginManager: Loaded Plugin PerforceSourceControl, From C:/Program Files/Epic Games/UE_4.14/Engine/Plugins/Developer/PerforceSourceControl/PerforceSourceControl.uplugin
LogPluginManager: Loaded Plugin SubversionSourceControl, From C:/Program Files/Epic Games/UE_4.14/Engine/Plugins/Developer/SubversionSourceControl/SubversionSourceControl.uplugin
LogPluginManager: Loaded Plugin UObjectPlugin, From C:/Program Files/Epic Games/UE_4.14/Engine/Plugins/Developer/UObjectPlugin/UObjectPlugin.uplugin
LogPluginManager: Loaded Plugin VisualStudioSourceCodeAccess, From C:/Program Files/Epic Games/UE_4.14/Engine/Plugins/Developer/VisualStudioSourceCodeAccess/VisualStudioSourceCodeAccess.uplugin
LogPluginManager: Loaded Plugin XCodeSourceCodeAccess, From C:/Program Files/Epic Games/UE_4.14/Engine/Plugins/Developer/XCodeSourceCodeAccess/XCodeSourceCodeAccess.uplugin
LogPluginManager: Loaded Plugin AudioCapture, From C:/Program Files/Epic Games/UE_4.14/Engine/Plugins/Editor/AudioCapture/AudioCapture.uplugin
LogPluginManager: Loaded Plugin EpicSurvey, From C:/Program Files/Epic Games/UE_4.14/Engine/Plugins/Editor/EpicSurvey/EpicSurvey.uplugin
LogPluginManager: Loaded Plugin MacGraphicsSwitching, From C:/Program Files/Epic Games/UE_4.14/Engine/Plugins/Editor/MacGraphicsSwitching/MacGraphicsSwitching.uplugin
LogPluginManager: Loaded Plugin MobileLauncherProfileWizard, From C:/Program Files/Epic Games/UE_4.14/Engine/Plugins/Editor/MobileLauncherProfileWizard/MobileLauncherProfileWizard.uplugin
LogPluginManager: Loaded Plugin PluginBrowser, From C:/Program Files/Epic Games/UE_4.14/Engine/Plugins/Editor/PluginBrowser/PluginBrowser.uplugin
LogPluginManager: Loaded Plugin SpeedTreeImporter, From C:/Program Files/Epic Games/UE_4.14/Engine/Plugins/Editor/SpeedTreeImporter/SpeedTreeImporter.uplugin
LogPluginManager: Loaded Plugin SuperSearchEditor, From C:/Program Files/Epic Games/UE_4.14/Engine/Plugins/Editor/SuperSearchEditor/SuperSearchEditor.uplugin
LogPluginManager: Loaded Plugin AlembicImporter, From C:/Program Files/Epic Games/UE_4.14/Engine/Plugins/Experimental/AlembicImporter/AlembicImporter.uplugin
LogPluginManager: Loaded Plugin BlueprintStats, From C:/Program Files/Epic Games/UE_4.14/Engine/Plugins/Experimental/BlueprintStats/BlueprintStats.uplugin
LogPluginManager: Loaded Plugin CharacterAI, From C:/Program Files/Epic Games/UE_4.14/Engine/Plugins/Experimental/CharacterAI/CharacterAI.uplugin
LogPluginManager: Loaded Plugin CodeEditor, From C:/Program Files/Epic Games/UE_4.14/Engine/Plugins/Experimental/CodeEditor/CodeEditor.uplugin
LogPluginManager: Loaded Plugin CodeView, From C:/Program Files/Epic Games/UE_4.14/Engine/Plugins/Experimental/CodeView/CodeView.uplugin
LogPluginManager: Loaded Plugin HTML5Networking, From C:/Program Files/Epic Games/UE_4.14/Engine/Plugins/Experimental/HTML5Networking/HTML5Networking.uplugin
LogPluginManager: Loaded Plugin OSVR, From C:/Program Files/Epic Games/UE_4.14/Engine/Plugins/Experimental/OSVR/OSVR.uplugin
LogPluginManager: Loaded Plugin Phya, From C:/Program Files/Epic Games/UE_4.14/Engine/Plugins/Experimental/Phya/Phya.uplugin
LogPluginManager: Loaded Plugin SignificanceManager, From C:/Program Files/Epic Games/UE_4.14/Engine/Plugins/Experimental/SignificanceManager/SignificanceManager.uplugin
LogPluginManager: Loaded Plugin SimpleHMD, From C:/Program Files/Epic Games/UE_4.14/Engine/Plugins/Experimental/SimpleHMD/SimpleHMD.uplugin
LogPluginManager: Loaded Plugin StereoPanorama, From C:/Program Files/Epic Games/UE_4.14/Engine/Plugins/Experimental/StereoPanorama/StereoPanorama.uplugin
LogPluginManager: Loaded Plugin StructBox, From C:/Program Files/Epic Games/UE_4.14/Engine/Plugins/Experimental/StructBox/StructBox.uplugin
LogPluginManager: Loaded Plugin LowEntryExtStdLib, From C:/Program Files/Epic Games/UE_4.14/Engine/Plugins/Marketplace/LowEntryExtStdLib/LowEntryExtStdLib.uplugin
LogPluginManager: Loaded Plugin Substance, From C:/Program Files/Epic Games/UE_4.14/Engine/Plugins/Marketplace/Substance/Substance.uplugin
LogPluginManager: Loaded Plugin AndroidMedia, From C:/Program Files/Epic Games/UE_4.14/Engine/Plugins/Media/AndroidMedia/AndroidMedia.uplugin
LogPluginManager: Loaded Plugin AvfMedia, From C:/Program Files/Epic Games/UE_4.14/Engine/Plugins/Media/AvfMedia/AvfMedia.uplugin
LogPluginManager: Loaded Plugin MediaPlayerEditor, From C:/Program Files/Epic Games/UE_4.14/Engine/Plugins/Media/MediaPlayerEditor/MediaPlayerEditor.uplugin
LogPluginManager: Loaded Plugin WmfMedia, From C:/Program Files/Epic Games/UE_4.14/Engine/Plugins/Media/WmfMedia/WmfMedia.uplugin
LogPluginManager: Loaded Plugin MessagingDebugger, From C:/Program Files/Epic Games/UE_4.14/Engine/Plugins/Messaging/MessagingDebugger/MessagingDebugger.uplugin
LogPluginManager: Loaded Plugin TcpMessaging, From C:/Program Files/Epic Games/UE_4.14/Engine/Plugins/Messaging/TcpMessaging/TcpMessaging.uplugin
LogPluginManager: Loaded Plugin UdpMessaging, From C:/Program Files/Epic Games/UE_4.14/Engine/Plugins/Messaging/UdpMessaging/UdpMessaging.uplugin
LogPluginManager: Loaded Plugin LevelSequenceEditor, From C:/Program Files/Epic Games/UE_4.14/Engine/Plugins/MovieScene/LevelSequenceEditor/LevelSequenceEditor.uplugin
LogPluginManager: Loaded Plugin MatineeToLevelSequence, From C:/Program Files/Epic Games/UE_4.14/Engine/Plugins/MovieScene/MatineeToLevelSequence/MatineeToLevelSequence.uplugin
LogPluginManager: Loaded Plugin NetcodeUnitTest, From C:/Program Files/Epic Games/UE_4.14/Engine/Plugins/NetcodeUnitTest/NetcodeUnitTest/NetcodeUnitTest.uplugin
LogPluginManager: Loaded Plugin NUTUnrealEngine4, From C:/Program Files/Epic Games/UE_4.14/Engine/Plugins/NetcodeUnitTest/NUTUnrealEngine4/NUTUnrealEngine4.uplugin
LogPluginManager: Loaded Plugin OnlineSubsystemGameCircle, From C:/Program Files/Epic Games/UE_4.14/Engine/Plugins/Online/Android/OnlineSubsystemGameCircle/OnlineSubsystemGameCircle.uplugin
LogPluginManager: Loaded Plugin OnlineSubsystemGooglePlay, From C:/Program Files/Epic Games/UE_4.14/Engine/Plugins/Online/Android/OnlineSubsystemGooglePlay/OnlineSubsystemGooglePlay.uplugin
LogPluginManager: Loaded Plugin OnlineSubsystemIOS, From C:/Program Files/Epic Games/UE_4.14/Engine/Plugins/Online/IOS/OnlineSubsystemIOS/OnlineSubsystemIOS.uplugin
LogPluginManager: Loaded Plugin OnlineFramework, From C:/Program Files/Epic Games/UE_4.14/Engine/Plugins/Online/OnlineFramework/OnlineFramework.uplugin
LogPluginManager: Loaded Plugin OnlineSubsystem, From C:/Program Files/Epic Games/UE_4.14/Engine/Plugins/Online/OnlineSubsystem/OnlineSubsystem.uplugin
LogPluginManager: Loaded Plugin OnlineSubsystemAmazon, From C:/Program Files/Epic Games/UE_4.14/Engine/Plugins/Online/OnlineSubsystemAmazon/OnlineSubsystemAmazon.uplugin
LogPluginManager: Loaded Plugin OnlineSubsystemFacebook, From C:/Program Files/Epic Games/UE_4.14/Engine/Plugins/Online/OnlineSubsystemFacebook/OnlineSubsystemFacebook.uplugin
LogPluginManager: Loaded Plugin OnlineSubsystemNull, From C:/Program Files/Epic Games/UE_4.14/Engine/Plugins/Online/OnlineSubsystemNull/OnlineSubsystemNull.uplugin
LogPluginManager: Loaded Plugin OnlineSubsystemOculus, From C:/Program Files/Epic Games/UE_4.14/Engine/Plugins/Online/OnlineSubsystemOculus/OnlineSubsystemOculus.uplugin
LogPluginManager: Loaded Plugin OnlineSubsystemSteam, From C:/Program Files/Epic Games/UE_4.14/Engine/Plugins/Online/OnlineSubsystemSteam/OnlineSubsystemSteam.uplugin
LogPluginManager: Loaded Plugin OnlineSubsystemUtils, From C:/Program Files/Epic Games/UE_4.14/Engine/Plugins/Online/OnlineSubsystemUtils/OnlineSubsystemUtils.uplugin
LogPluginManager: Loaded Plugin IOSTapJoy, From C:/Program Files/Epic Games/UE_4.14/Engine/Plugins/Runtime/Advertising/IOSTapJoy/IOSTapJoy.uplugin
LogPluginManager: Loaded Plugin AnalyticsBlueprintLibrary, From C:/Program Files/Epic Games/UE_4.14/Engine/Plugins/Runtime/Analytics/AnalyticsBlueprintLibrary/AnalyticsBlueprintLibrary.uplugin
LogPluginManager: Loaded Plugin AnalyticsMulticast, From C:/Program Files/Epic Games/UE_4.14/Engine/Plugins/Runtime/Analytics/AnalyticsMulticast/AnalyticsMulticast.uplugin
LogPluginManager: Loaded Plugin Apsalar, From C:/Program Files/Epic Games/UE_4.14/Engine/Plugins/Runtime/Analytics/Apsalar/Apsalar.uplugin
LogPluginManager: Loaded Plugin FileLogging, From C:/Program Files/Epic Games/UE_4.14/Engine/Plugins/Runtime/Analytics/FileLogging/FileLogging.uplugin
LogPluginManager: Loaded Plugin Flurry, From C:/Program Files/Epic Games/UE_4.14/Engine/Plugins/Runtime/Analytics/Flurry/Flurry.uplugin
LogPluginManager: Loaded Plugin AndroidDeviceProfileSelector, From C:/Program Files/Epic Games/UE_4.14/Engine/Plugins/Runtime/AndroidDeviceProfileSelector/AndroidDeviceProfileSelector.uplugin
LogPluginManager: Loaded Plugin AndroidMoviePlayer, From C:/Program Files/Epic Games/UE_4.14/Engine/Plugins/Runtime/AndroidMoviePlayer/AndroidMoviePlayer.uplugin
LogPluginManager: Loaded Plugin AppleMoviePlayer, From C:/Program Files/Epic Games/UE_4.14/Engine/Plugins/Runtime/AppleMoviePlayer/AppleMoviePlayer.uplugin
LogPluginManager: Loaded Plugin ArchVisCharacter, From C:/Program Files/Epic Games/UE_4.14/Engine/Plugins/Runtime/ArchVisCharacter/ArchVisCharacter.uplugin
LogPluginManager: Loaded Plugin CableComponent, From C:/Program Files/Epic Games/UE_4.14/Engine/Plugins/Runtime/CableComponent/CableComponent.uplugin
LogPluginManager: Loaded Plugin CustomMeshComponent, From C:/Program Files/Epic Games/UE_4.14/Engine/Plugins/Runtime/CustomMeshComponent/CustomMeshComponent.uplugin
LogPluginManager: Loaded Plugin ExampleDeviceProfileSelector, From C:/Program Files/Epic Games/UE_4.14/Engine/Plugins/Runtime/ExampleDeviceProfileSelector/ExampleDeviceProfileSelector.uplugin
LogPluginManager: Loaded Plugin GearVR, From C:/Program Files/Epic Games/UE_4.14/Engine/Plugins/Runtime/GearVR/GearVR.uplugin
LogPluginManager: Loaded Plugin GoogleVRController, From C:/Program Files/Epic Games/UE_4.14/Engine/Plugins/Runtime/GoogleVR/GoogleVRController/GoogleVRController.uplugin
LogPluginManager: Loaded Plugin GoogleVRHMD, From C:/Program Files/Epic Games/UE_4.14/Engine/Plugins/Runtime/GoogleVR/GoogleVRHMD/GoogleVRHMD.uplugin
LogPluginManager: Loaded Plugin IOSDeviceProfileSelector, From C:/Program Files/Epic Games/UE_4.14/Engine/Plugins/Runtime/IOSDeviceProfileSelector/IOSDeviceProfileSelector.uplugin
LogPluginManager: Loaded Plugin LeapMotion, From C:/Program Files/Epic Games/UE_4.14/Engine/Plugins/Runtime/LeapMotion/LeapMotion.uplugin
LogPluginManager: Loaded Plugin LinuxDeviceProfileSelector, From C:/Program Files/Epic Games/UE_4.14/Engine/Plugins/Runtime/LinuxDeviceProfileSelector/LinuxDeviceProfileSelector.uplugin
LogPluginManager: Loaded Plugin MIDIDevice, From C:/Program Files/Epic Games/UE_4.14/Engine/Plugins/Runtime/MIDIDevice/MIDIDevice.uplugin
LogPluginManager: Loaded Plugin MobilePatchingUtils, From C:/Program Files/Epic Games/UE_4.14/Engine/Plugins/Runtime/MobilePatchingUtils/MobilePatchingUtils.uplugin
LogPluginManager: Loaded Plugin Ansel, From C:/Program Files/Epic Games/UE_4.14/Engine/Plugins/Runtime/Nvidia/Ansel/Ansel.uplugin
LogPluginManager: Loaded Plugin OculusAudio, From C:/Program Files/Epic Games/UE_4.14/Engine/Plugins/Runtime/OculusAudio/OculusAudio.uplugin
LogPluginManager: Loaded Plugin OculusInput, From C:/Program Files/Epic Games/UE_4.14/Engine/Plugins/Runtime/OculusInput/OculusInput.uplugin
LogPluginManager: Loaded Plugin OculusLibrary, From C:/Program Files/Epic Games/UE_4.14/Engine/Plugins/Runtime/OculusLibrary/OculusLibrary.uplugin
LogPluginManager: Loaded Plugin OculusRift, From C:/Program Files/Epic Games/UE_4.14/Engine/Plugins/Runtime/OculusRift/OculusRift.uplugin
LogPluginManager: Loaded Plugin Oodle, From C:/Program Files/Epic Games/UE_4.14/Engine/Plugins/Runtime/PacketHandlers/CompressionComponents/Oodle/Oodle.uplugin
LogPluginManager: Loaded Plugin ProceduralMeshComponent, From C:/Program Files/Epic Games/UE_4.14/Engine/Plugins/Runtime/ProceduralMeshComponent/ProceduralMeshComponent.uplugin
LogPluginManager: Loaded Plugin SoundMod, From C:/Program Files/Epic Games/UE_4.14/Engine/Plugins/Runtime/SoundMod/SoundMod.uplugin
LogPluginManager: Loaded Plugin SoundVisualizations, From C:/Program Files/Epic Games/UE_4.14/Engine/Plugins/Runtime/SoundVisualizations/SoundVisualizations.uplugin
LogPluginManager: Loaded Plugin SteamController, From C:/Program Files/Epic Games/UE_4.14/Engine/Plugins/Runtime/Steam/SteamController/SteamController.uplugin
LogPluginManager: Loaded Plugin SteamVR, From C:/Program Files/Epic Games/UE_4.14/Engine/Plugins/Runtime/Steam/SteamVR/SteamVR.uplugin
LogPluginManager: Loaded Plugin WebBrowserWidget, From C:/Program Files/Epic Games/UE_4.14/Engine/Plugins/Runtime/WebBrowserWidget/WebBrowserWidget.uplugin
LogPluginManager: Loaded Plugin WindowsDeviceProfileSelector, From C:/Program Files/Epic Games/UE_4.14/Engine/Plugins/Runtime/WindowsDeviceProfileSelector/WindowsDeviceProfileSelector.uplugin
LogPluginManager: Loaded Plugin WindowsMoviePlayer, From C:/Program Files/Epic Games/UE_4.14/Engine/Plugins/Runtime/WindowsMoviePlayer/WindowsMoviePlayer.uplugin
LogPluginManager: Loaded Plugin ScriptPlugin, From C:/Program Files/Epic Games/UE_4.14/Engine/Plugins/ScriptPlugin/ScriptPlugin.uplugin
LogPluginManager: Loaded Plugin SlateRemote, From C:/Program Files/Epic Games/UE_4.14/Engine/Plugins/Slate/SlateRemote/SlateRemote.uplugin
LogPluginManager: Loaded Plugin EditorTests, From C:/Program Files/Epic Games/UE_4.14/Engine/Plugins/Tests/EditorTests/EditorTests.uplugin
LogPluginManager: Loaded Plugin FbxAutomationTestBuilder, From C:/Program Files/Epic Games/UE_4.14/Engine/Plugins/Tests/FbxAutomationTestBuilder/FbxAutomationTestBuilder.uplugin
LogPluginManager: Loaded Plugin FunctionalTestingEditor, From C:/Program Files/Epic Games/UE_4.14/Engine/Plugins/Tests/FunctionalTestingEditor/FunctionalTestingEditor.uplugin
LogPluginManager: Loaded Plugin RuntimeTests, From C:/Program Files/Epic Games/UE_4.14/Engine/Plugins/Tests/RuntimeTests/RuntimeTests.uplugin
LogPluginManager: Loaded Plugin ScreenshotTools, From C:/Program Files/Epic Games/UE_4.14/Engine/Plugins/Tests/ScreenshotTools/ScreenshotTools.uplugin
LogInit: Using libcurl 7.47.1
LogInit:  - built for x86_64-pc-win32
LogInit:  - supports SSL with OpenSSL/1.0.2g
LogInit:  - supports HTTP deflate (compression) using libz 1.2.8
LogInit:  - other features:
LogInit:      CURL_VERSION_SSL
LogInit:      CURL_VERSION_LIBZ
LogInit:      CURL_VERSION_IPV6
LogInit:      CURL_VERSION_ASYNCHDNS
LogInit:      CURL_VERSION_LARGEFILE
LogInit:      CURL_VERSION_IDN
LogInit:  CurlRequestOptions (configurable via config and command line):
LogInit:  - bVerifyPeer = false  - Libcurl will NOT verify peer certificate
LogInit:  - bUseHttpProxy = false  - Libcurl will NOT use HTTP proxy
LogInit:  - bDontReuseConnections = false  - Libcurl will reuse connections
LogInit:  - CertBundlePath = nullptr  - Libcurl will use whatever was configured at build time.
LogInit: Build: ++UE4+Release-4.14-CL-3249277
LogInit: Engine Version: 4.14.3-3249277+++UE4+Release-4.14
LogInit: Compatible Engine Version: 4.14.0-3195953+++UE4+Release-4.14
LogInit: Net CL: 3195953
LogDevObjectVersion: Number of dev versions registered: 13
LogDevObjectVersion:   Dev-Blueprints (B0D832E4-1F89-4F0D-ACCF-7EB736FD4AA2): 7
LogDevObjectVersion:   Dev-Build (E1C64328-A22C-4D53-A36C-8E866417BD8C): 0
LogDevObjectVersion:   Dev-Core (375EC13C-06E4-48FB-B500-84F0262A717E): 1
LogDevObjectVersion:   Dev-Editor (E4B068ED-F494-42E9-A231-DA0B2E46BB41): 8
LogDevObjectVersion:   Dev-Framework (CFFC743F-43B0-4480-9391-14DF171D2073): 17
LogDevObjectVersion:   Dev-Mobile (B02B49B5-BB20-44E9-A304-32B752E40360): 0
LogDevObjectVersion:   Dev-Networking (A4E4105C-59A1-49B5-A7C5-40C4547EDFEE): 0
LogDevObjectVersion:   Dev-Online (39C831C9-5AE6-47DC-9A44-9C173E1C8E7C): 0
LogDevObjectVersion:   Dev-Physics (78F01B33-EBEA-4F98-B9B4-84EACCB95AA2): 0
LogDevObjectVersion:   Dev-Platform (6631380F-2D4D-43E0-8009-CF276956A95A): 0
LogDevObjectVersion:   Dev-Rendering (12F88B9F-8875-4AFC-A67C-D90C383ABD29): 12
LogDevObjectVersion:   Dev-Sequencer (7B5AE74C-D270-4C10-A958-57980B212A5A): 1
LogDevObjectVersion:   Dev-VR (D7296918-1DD6-4BDD-9DE2-64A83CC13884): 0
LogInit: Compiled (64-bit): Jan  6 2017 10:49:43
LogInit: Compiled with Visual C++: 19.00.23026.00
LogInit: Build Configuration: Development
LogInit: Branch Name: ++UE4+Release-4.14
LogInit: Command line:  
LogInit: Base directory: C:/Program Files/Epic Games/UE_4.14/Engine/Binaries/Win64/
LogInit: Installed Engine Build: 1
LogInit: Presizing for max 8388607 objects, including 0 objects not considered by GC, pre-allocating 0 bytes for permanent pool.
LogInit: Object subsystem initialized
[2017.03.26-17.22.53:108][  0]LogInit: Selected Device Profile: [Windows]
[2017.03.26-17.22.53:108][  0]LogInit: Applying CVar settings loaded from the selected device profile: [Windows]
[2017.03.26-17.22.53:146][  0]LogInit: Computer: DESKTOP-QSL9CCQ
[2017.03.26-17.22.53:146][  0]LogInit: User: Jer
[2017.03.26-17.22.53:146][  0]LogInit: CPU Page size=65536, Cores=4
[2017.03.26-17.22.53:146][  0]LogInit: High frequency timer resolution =3.711011 MHz
[2017.03.26-17.22.53:146][  0]LogMemory: Memory total: Physical=15.9GB (16GB approx)
[2017.03.26-17.22.53:146][  0]LogMemory: Platform Memory Stats for Windows
[2017.03.26-17.22.53:146][  0]LogMemory: Process Physical Memory: 267.94 MB used, 267.94 MB peak
[2017.03.26-17.22.53:146][  0]LogMemory: Process Virtual Memory: 262.93 MB used, 262.93 MB peak
[2017.03.26-17.22.53:146][  0]LogMemory: Physical Memory: 13735.27 MB used,  2595.74 MB free, 16331.01 MB total
[2017.03.26-17.22.53:146][  0]LogMemory: Virtual Memory: 662.46 MB used,  2595.74 MB free, 134217728.00 MB total
[2017.03.26-17.22.53:235][  0]LogTextLocalizationManager: No specific translations for ('en-US') exist, so ('en') translations will be used.
[2017.03.26-17.22.54:986][  0]LogD3D11RHI: D3D11 adapters:
[2017.03.26-17.22.55:051][  0]LogD3D11RHI:    0. 'AMD Radeon (TM) R9 380 Series' (Feature Level 11_0)
[2017.03.26-17.22.55:051][  0]LogD3D11RHI:       4072/0/8165 MB DedicatedVideo/DedicatedSystem/SharedSystem, Outputs:1, VendorId:0x1002
[2017.03.26-17.22.55:085][  0]LogD3D11RHI:    1. 'AMD Radeon R9 200 Series' (Feature Level 11_0)
[2017.03.26-17.22.55:085][  0]LogD3D11RHI:       3053/0/8165 MB DedicatedVideo/DedicatedSystem/SharedSystem, Outputs:2, VendorId:0x1002
[2017.03.26-17.22.55:089][  0]LogD3D11RHI:    2. 'Microsoft Basic Render Driver' (Feature Level 11_0)
[2017.03.26-17.22.55:089][  0]LogD3D11RHI:       0/0/8165 MB DedicatedVideo/DedicatedSystem/SharedSystem, Outputs:0, VendorId:0x1414
[2017.03.26-17.22.55:089][  0]LogD3D11RHI: Chosen D3D11 Adapter: 0
[2017.03.26-17.22.55:106][  0]LogD3D11RHI: Creating new Direct3DDevice
[2017.03.26-17.22.55:106][  0]LogD3D11RHI:     GPU DeviceId: 0x6938 (for the marketing name, search the web for "GPU Device Id")
[2017.03.26-17.22.55:106][  0]LogWindows: EnumDisplayDevices:
[2017.03.26-17.22.55:106][  0]LogWindows:    0. 'AMD Radeon (TM) R9 380 Series' (P:1 D:1)
[2017.03.26-17.22.55:107][  0]LogWindows:    1. 'AMD Radeon (TM) R9 380 Series' (P:0 D:0)
[2017.03.26-17.22.55:110][  0]LogWindows:    2. 'AMD Radeon (TM) R9 380 Series' (P:0 D:0)
[2017.03.26-17.22.55:110][  0]LogWindows:    3. 'AMD Radeon (TM) R9 380 Series' (P:0 D:0)
[2017.03.26-17.22.55:111][  0]LogWindows:    4. 'AMD Radeon (TM) R9 380 Series' (P:0 D:0)
[2017.03.26-17.22.55:111][  0]LogWindows:    5. 'AMD Radeon (TM) R9 380 Series' (P:0 D:0)
[2017.03.26-17.22.55:112][  0]LogWindows:    6. 'AMD Radeon R9 200 Series' (P:0 D:1)
[2017.03.26-17.22.55:113][  0]LogWindows:    7. 'AMD Radeon R9 200 Series' (P:0 D:1)
[2017.03.26-17.22.55:113][  0]LogWindows:    8. 'AMD Radeon R9 200 Series' (P:0 D:0)
[2017.03.26-17.22.55:114][  0]LogWindows:    9. 'AMD Radeon R9 200 Series' (P:0 D:0)
[2017.03.26-17.22.55:114][  0]LogWindows:    10. 'AMD Radeon R9 200 Series' (P:0 D:0)
[2017.03.26-17.22.55:115][  0]LogWindows:    11. 'AMD Radeon R9 200 Series' (P:0 D:0)
[2017.03.26-17.22.55:115][  0]LogWindows: DebugString: PrimaryIsNotTheChoosenAdapter PrimaryIsNotTheChoosenAdapter PrimaryIsNotTheChoosenAdapter PrimaryIsNotTheChoosenAdapter PrimaryIsNotTheChoosenAdapter PrimaryIsNotTheChoosenAdapter FoundDriverCount:6 
[2017.03.26-17.22.55:115][  0]LogD3D11RHI:     Adapter Name: AMD Radeon (TM) R9 380 Series
[2017.03.26-17.22.55:115][  0]LogD3D11RHI:   Driver Version: Crimson ReLive 17.1.2 (internal:21.19.413.0, unified:21.19.413.0)
[2017.03.26-17.22.55:115][  0]LogD3D11RHI:      Driver Date: 1-25-2017
[2017.03.26-17.22.55:115][  0]LogRHI: Texture pool is 1361 MB (70% of 1945 MB)
[2017.03.26-17.22.55:152][  0]LogD3D11RHI: Async texture creation enabled
[2017.03.26-17.22.55:169][  0]LogD3D11RHI: GPU Timing Frequency: 27.000000 (Debug: 2 1)
[2017.03.26-17.22.55:171][  0]LogShaderCompilers: Guid format shader working directory is -46 characters bigger than the processId version (D:/School/Art Institute/Classes/Social and Mobile Game Design/Milestones_New/M5T1_Trevino/Intermediate/Shaders/WorkingDirectory/17284/).
[2017.03.26-17.22.55:171][  0]LogShaderCompilers: Cleaned the shader compiler working directory 'C:/Users/Jer/AppData/Local/Temp/UnrealShaderWorkingDir/AA8173934970F0860B85408CDC10CD3F/'.
[2017.03.26-17.22.55:171][  0]LogShaderCompilers:Display: Using Local Shader Compiler.
[2017.03.26-17.22.57:780][  0]LogTemp:Display: Loaded TP AllDesktopTargetPlatform
[2017.03.26-17.22.57:933][  0]LogTemp:Display: Loaded TP MacClientTargetPlatform
[2017.03.26-17.22.58:113][  0]LogTemp:Display: Loaded TP MacNoEditorTargetPlatform
[2017.03.26-17.22.58:266][  0]LogTemp:Display: Loaded TP MacServerTargetPlatform
[2017.03.26-17.22.58:416][  0]LogTemp:Display: Loaded TP MacTargetPlatform
[2017.03.26-17.22.58:571][  0]LogTemp:Display: Loaded TP WindowsClientTargetPlatform
[2017.03.26-17.22.58:742][  0]LogTemp:Display: Loaded TP WindowsNoEditorTargetPlatform
[2017.03.26-17.22.58:888][  0]LogTemp:Display: Loaded TP WindowsServerTargetPlatform
[2017.03.26-17.22.59:022][  0]LogTemp:Display: Loaded TP WindowsTargetPlatform
[2017.03.26-17.22.59:164][  0]LogTemp:Display: Loaded TP AndroidTargetPlatform
[2017.03.26-17.22.59:331][  0]LogTemp:Display: Loaded TP Android_ASTCTargetPlatform
[2017.03.26-17.22.59:501][  0]LogTemp:Display: Loaded TP Android_ATCTargetPlatform
[2017.03.26-17.22.59:636][  0]LogTemp:Display: Loaded TP Android_DXTTargetPlatform
[2017.03.26-17.22.59:763][  0]LogTemp:Display: Loaded TP Android_ETC1TargetPlatform
[2017.03.26-17.22.59:936][  0]LogTemp:Display: Loaded TP Android_ETC2TargetPlatform
[2017.03.26-17.23.00:266][  0]LogTemp:Display: Loaded TP Android_MultiTargetPlatform
[2017.03.26-17.23.00:266][  0]LogTemp:Display: Loaded TP Android_PVRTCTargetPlatform
[2017.03.26-17.23.00:382][  0]LogTemp:Display: Loaded TP HTML5TargetPlatform
[2017.03.26-17.23.00:580][  0]LogTemp:Display: Loaded TP IOSTargetPlatform
[2017.03.26-17.23.00:682][  0]LogTemp:Display: Loaded TP TVOSTargetPlatform
[2017.03.26-17.23.00:836][  0]LogTemp:Display: Loaded TP LinuxClientTargetPlatform
[2017.03.26-17.23.00:989][  0]LogTemp:Display: Loaded TP LinuxNoEditorTargetPlatform
[2017.03.26-17.23.01:153][  0]LogTemp:Display: Loaded TP LinuxServerTargetPlatform
[2017.03.26-17.23.01:311][  0]LogTemp:Display: Loaded TP LinuxTargetPlatform
[2017.03.26-17.23.01:311][  0]LogTargetPlatformManager:Display: Building Assets For Windows
[2017.03.26-17.23.02:471][  0]LogDerivedDataCache:Display: Max Cache Size: 512 MB
[2017.03.26-17.23.02:897][  0]LogDerivedDataCache: Loaded boot cache 0.43s 50MB C:/Users/Jer/AppData/Local/UnrealEngine/4.14/DerivedDataCache/Boot.ddc.
[2017.03.26-17.23.02:897][  0]LogDerivedDataCache:Display: Loaded Boot cache: C:/Users/Jer/AppData/Local/UnrealEngine/4.14/DerivedDataCache/Boot.ddc
[2017.03.26-17.23.02:897][  0]LogDerivedDataCache: FDerivedDataBackendGraph:  Pak pak cache file D:/School/Art Institute/Classes/Social and Mobile Game Design/Milestones_New/M5T1_Trevino/DerivedDataCache/DDC.ddp not found, will not use a pak cache.
[2017.03.26-17.23.02:897][  0]LogDerivedDataCache: Unable to find inner node Pak for hierarchical cache Hierarchy.
[2017.03.26-17.23.02:897][  0]LogDerivedDataCache: FDerivedDataBackendGraph:  CompressedPak pak cache file D:/School/Art Institute/Classes/Social and Mobile Game Design/Milestones_New/M5T1_Trevino/DerivedDataCache/Compressed.ddp not found, will not use a pak cache.
[2017.03.26-17.23.02:897][  0]LogDerivedDataCache: Unable to find inner node CompressedPak for hierarchical cache Hierarchy.
[2017.03.26-17.23.02:925][  0]LogDerivedDataCache:Display: Pak cache opened for reading ../../../Engine/DerivedDataCache/Compressed.ddp.
[2017.03.26-17.23.02:939][  0]LogDerivedDataCache: Using Local data cache path C:/Users/Jer/AppData/Local/UnrealEngine/Common/DerivedDataCache: Writable
[2017.03.26-17.23.03:685][  0]LogInit: Selected Device Profile: [Windows]
[2017.03.26-17.23.03:690][  0]LogContentStreaming: Texture pool size is 0.00 MB
[2017.03.26-17.23.04:162][  0]LogMeshUtilities: Using QuadricMeshReduction for automatic static mesh reduction
[2017.03.26-17.23.04:339][  0]LogSimplygon: Simplygon DLL not present - disabling.
[2017.03.26-17.23.04:516][  0]LogMeshUtilities: Using SimplygonSwarm for distributed automatic mesh merging
[2017.03.26-17.23.04:516][  0]LogMeshUtilities: No automatic skeletal mesh reduction module available
[2017.03.26-17.23.04:516][  0]LogMeshUtilities: No automatic mesh merging module available
[2017.03.26-17.23.05:955][  0]LogNetVersion: GetLocalNetworkVersion: CL: 3195953, ProjectName: spaceshootertemplate, ProjectVersion: , EngineNetworkVersion: 2, GameNetworkVersion: 0, NetworkChecksum: 4158053725
[2017.03.26-17.23.06:050][  0]LogAssetRegistry: FAssetRegistry took 0.0224 seconds to start up
[2017.03.26-17.23.06:208][  0]LogPackageLocalizationCache: Processed 4 localized package path(s) for 2 prioritized culture(s) in 0.085011 seconds
[2017.03.26-17.23.06:219][  0]LogUObjectArray: 31946 objects as part of root set at end of initial load.
[2017.03.26-17.23.06:219][  0]LogUObjectAllocator: 6935848 out of 0 bytes used by permanent object pool.
[2017.03.26-17.23.06:219][  0]LogUObjectArray: CloseDisregardForGC: 0/0 objects in disregard for GC pool
[2017.03.26-17.23.06:401][  0]LogInit: WinSock: version 1.1 (2.2), MaxSocks=32767, MaxUdp=65467
[2017.03.26-17.23.09:533][  0]LogSlate: Using Freetype 2.6.0
[2017.03.26-17.23.09:537][  0]LogSlate: SlateFontCache - WITH_FREETYPE: 1, WITH_HARFBUZZ: 1
[2017.03.26-17.23.09:537][  0]LogSlate: SlateFontCache - WITH_FREETYPE: 1, WITH_HARFBUZZ: 1
[2017.03.26-17.23.14:237][  0]LogTcpMessaging: Initializing TcpMessaging bridge
[2017.03.26-17.23.14:375][  0]LogUdpMessaging: Initializing bridge on interface 0.0.0.0:0 to multicast group 230.0.0.1:6666.
[2017.03.26-17.23.15:625][  0]LogMaterial: Uniform references updated for custom material expression Custom.
[2017.03.26-17.23.16:766][  0]SourceControl: Info Source control is disabled
[2017.03.26-17.23.17:090][  0]SourceControl: Info Source control is disabled
[2017.03.26-17.23.17:243][  0]SourceControl: Info Source control is disabled
[2017.03.26-17.23.17:401][  0]SourceControl: Info Source control is disabled
[2017.03.26-17.23.23:778][  0]LogEngine: Initializing Engine...
[2017.03.26-17.23.23:782][  0]LogHMD: Failed to initialize OpenVR with code 100
[2017.03.26-17.23.24:415][  0]LogAIModule: Creating AISystem for world Untitled
[2017.03.26-17.23.24:640][  0]LogInit: XAudio2 using '1 - LCD TV (AMD High Definition Audio Device)' : 2 channels at 48 kHz using 16 bits per sample (channel mask 0x3)
[2017.03.26-17.23.24:717][  0]LogInit: FAudioDevice initialized.
[2017.03.26-17.23.24:798][  0]LogDerivedDataCache: Saved boot cache 0.08s 50MB C:/Users/Jer/AppData/Local/UnrealEngine/4.14/DerivedDataCache/Boot.ddc.
[2017.03.26-17.23.24:820][  0]LogInit: Texture streaming: Enabled
[2017.03.26-17.23.25:462][  0]LogInit: Transaction tracking system initialized
[2017.03.26-17.23.26:610][  0]BlueprintLog: New page: Editor Load
[2017.03.26-17.23.29:592][  0]LocalizationService: Info Localization service is disabled
[2017.03.26-17.23.31:809][  0]LogConsoleResponse:Display: 
[2017.03.26-17.23.32:176][  0]LogCook:Display: Max memory allowance for cook 16384mb min free memory 0mb
[2017.03.26-17.23.32:176][  0]LogCook:Display: Mobile HDR setting 1
[2017.03.26-17.23.32:714][  0]LogFileCache: Scanning file cache for directory 'D:/School/Art Institute/Classes/Social and Mobile Game Design/Milestones_New/M5T1_Trevino/Content/' took 0.03s
[2017.03.26-17.23.35:563][  0]SourceControl: Info Source control is disabled
[2017.03.26-17.23.35:564][  0]Cmd: MAP LOAD FILE="D:/School/Art Institute/Classes/Social and Mobile Game Design/Milestones_New/M5T1_Trevino/Content/Maps/mnMenu.umap" TEMPLATE=0 SHOWPROGRESS=1 FEATURELEVEL=3
[2017.03.26-17.23.35:594][  0]LightingResults: New page: Lighting Build
[2017.03.26-17.23.35:779][  0]MapCheck: New page: Map Check
[2017.03.26-17.23.35:779][  0]LightingResults: New page: Lighting Build
[2017.03.26-17.23.36:024][  0]LogAIModule: Creating AISystem for world mnMenu
[2017.03.26-17.23.36:028][  0]LogEditorServer: Finished looking for orphan Actors (0.000 secs)
[2017.03.26-17.23.36:030][  0]Cmd: MAP CHECKDEP NOCLEARLOG
[2017.03.26-17.23.36:234][  0]MapCheck: Info Map check complete: 0 Error(s), 0 Warning(s), took 203.385ms to complete.
[2017.03.26-17.23.36:234][  0]LogFileHelpers: Loading map 'mnMenu' took 0.670
[2017.03.26-17.23.36:884][  0]LogCollectionManager: Loaded 0 collections in 0.003411 seconds
[2017.03.26-17.23.37:093][  0]LogFileCache: Scanning file cache for directory 'D:/School/Art Institute/Classes/Social and Mobile Game Design/Milestones_New/M5T1_Trevino/Saved/Collections/' took 0.01s
[2017.03.26-17.23.37:093][  0]LogFileCache: Scanning file cache for directory 'D:/School/Art Institute/Classes/Social and Mobile Game Design/Milestones_New/M5T1_Trevino/Content/Developers/Jer/Collections/' took 0.01s
[2017.03.26-17.23.37:093][  0]LogFileCache: Scanning file cache for directory 'D:/School/Art Institute/Classes/Social and Mobile Game Design/Milestones_New/M5T1_Trevino/Content/Collections/' took 0.01s
[2017.03.26-17.23.37:093][  0]LogCollectionManager: Rebuilt the GUID cache for 0 collections in 0.000002 seconds
[2017.03.26-17.23.37:114][  0]LogContentBrowser: Native class hierarchy populated in 0.0206 seconds. Added 2216 classes and 439 folders.
[2017.03.26-17.23.37:245][  0]LogStats: UGameplayTagsManager::ConstructGameplayTagTree: Construct from data asset -  0.000 s
[2017.03.26-17.23.37:245][  0]LogStats: UGameplayTagsManager::ConstructGameplayTagTree: GameplayTagTreeChangedEvent.Broadcast -  0.000 s
[2017.03.26-17.23.37:248][  0]LogContentBrowser: Native class hierarchy updated for 'GameplayTags' in 0.0014 seconds. Added 13 classes and 0 folders.
[2017.03.26-17.23.37:456][  0]LogContentBrowser: Native class hierarchy updated for 'WidgetCarousel' in 0.0009 seconds. Added 0 classes and 0 folders.
[2017.03.26-17.23.37:698][  0]LogContentBrowser: Native class hierarchy updated for 'AddContentDialog' in 0.0012 seconds. Added 0 classes and 0 folders.
[2017.03.26-17.23.37:760][  0]LogCrashTracker: Crashtracker disabled due to settings.
[2017.03.26-17.23.37:782][  0]LogUObjectGlobals:Warning: Failed to find object 'Class None.'
[2017.03.26-17.23.37:987][  0]LogContentBrowser: Native class hierarchy updated for 'HierarchicalLODOutliner' in 0.0013 seconds. Added 1 classes and 2 folders.
[2017.03.26-17.23.37:988][  0]LogLoad: (Engine Initialization) Total time: 48.77 seconds
[2017.03.26-17.23.37:988][  0]LogLoad: (Engine Initialization) Total Blueprint compile time: 0.17 seconds
[2017.03.26-17.23.37:988][  0]LogExternalProfiler: Found external profiler: VSPerf
[2017.03.26-17.23.37:988][  0]LogExternalProfiler: Using external profiler: VSPerf
[2017.03.26-17.23.38:328][  0]LogOcInput: OculusInput pre-init called
[2017.03.26-17.23.38:357][  0]LogContentStreaming: Texture pool size now 1000 MB
[2017.03.26-17.23.38:703][  0]LogRenderer: Reallocating scene render targets to support 1256x672 NumSamples 1 (Frame:2).
[2017.03.26-17.23.39:257][  2]LogAssetRegistry: Asset discovery search completed in 33.2300 seconds
[2017.03.26-17.23.39:257][  2]LogCollectionManager: Rebuilt the object cache for 0 collections in 0.000001 seconds (found 0 objects)
[2017.03.26-17.23.39:257][  2]LogCollectionManager: Fixed up redirectors for 0 collections in 0.000019 seconds (updated 0 objects)
[2017.03.26-17.23.41:574][  5]LogRenderer: Reallocating scene render targets to support 1256x704 NumSamples 1 (Frame:6).
[2017.03.26-17.23.44:629][119]LogContentBrowser: Native class hierarchy updated for 'Cascade' in 0.0010 seconds. Added 2 classes and 2 folders.
[2017.03.26-17.23.57:715][572]LogFactory: FactoryCreateFile: Texture with ReimportTextureFactory (0 0 C:\Users\Jer\Documents\Newbestboomquestion.tga)
[2017.03.26-17.23.57:752][572]LogTexture:Display: Building textures: Newbestboomquestion (AutoDXT)
[2017.03.26-17.24.01:430][709]LogSavePackage: Save=67.99ms
[2017.03.26-17.24.01:430][709]LogSavePackage: Moving 'D:/School/Art Institute/Classes/Social and Mobile Game Design/Milestones_New/M5T1_Trevino/Saved/Newbestboomquestion49135C7F4270CA1FDA51D1977F393D98.tmp' to 'D:/School/Art Institute/Classes/Social and Mobile Game Design/Milestones_New/M5T1_Trevino/Content/Trevino_Content/Trevino_Textures/FX/Newbestboomquestion.uasset'
[2017.03.26-17.24.01:433][709]LogSavePackage:Display: Finished SavePackage D:/School/Art Institute/Classes/Social and Mobile Game Design/Milestones_New/M5T1_Trevino/Content/Trevino_Content/Trevino_Textures/FX/Newbestboomquestion.uasset
[2017.03.26-17.24.19:761][547]LogContentBrowser: Native class hierarchy updated for 'TextureEditor' in 0.0007 seconds. Added 1 classes and 2 folders.
[2017.03.26-17.24.37:913][192]LogSavePackage: Save=12.44ms
[2017.03.26-17.24.37:913][192]LogSavePackage: Moving 'D:/School/Art Institute/Classes/Social and Mobile Game Design/Milestones_New/M5T1_Trevino/Saved/NewbestboomquestionB214411D4CF330D3054E668338F4B879.tmp' to 'D:/School/Art Institute/Classes/Social and Mobile Game Design/Milestones_New/M5T1_Trevino/Content/Trevino_Content/Trevino_Textures/FX/Newbestboomquestion.uasset'
[2017.03.26-17.24.37:917][192]LogSavePackage:Display: Finished SavePackage D:/School/Art Institute/Classes/Social and Mobile Game Design/Milestones_New/M5T1_Trevino/Content/Trevino_Content/Trevino_Textures/FX/Newbestboomquestion.uasset
[2017.03.26-17.25.02:927][176]LogMaterial: Missing cached shader map for material explosionMat, compiling. 
[2017.03.26-17.25.03:179][176]LogMaterial: Missing cached shader map for material explosionMat, compiling. 
[2017.03.26-17.25.03:192][176]LogMaterial: 0.00 seconds spent updating 1 materials, 1 interfaces, 0 instances, 0 with static permutations.
[2017.03.26-17.25.03:230][176]LogMaterial: Missing cached shader map for material FMatExpressionPreview MaterialExpressionParticleSubUV_0, compiling. 
[2017.03.26-17.25.09:098][244]MaterialEditorStats: Info Base pass shader without light map: 8 instructions
[2017.03.26-17.25.09:098][244]MaterialEditorStats: Info Vertex shader: 66 instructions
[2017.03.26-17.25.09:098][244]MaterialEditorStats: Info Texture samplers: 3/16
[2017.03.26-17.25.22:622][806]LogMaterial: Missing cached shader map for material explosionMat, compiling. 
[2017.03.26-17.25.22:632][806]LogMaterial: 0.00 seconds spent updating 1 materials, 1 interfaces, 0 instances, 0 with static permutations.
[2017.03.26-17.25.22:661][806]LogMaterial: Missing cached shader map for material FMatExpressionPreview MaterialExpressionParticleSubUV_0, compiling. 
[2017.03.26-17.25.25:446][893]MaterialEditorStats: Info Base pass shader without light map: 8 instructions
[2017.03.26-17.25.25:446][893]MaterialEditorStats: Info Vertex shader: 66 instructions
[2017.03.26-17.25.25:446][893]MaterialEditorStats: Info Texture samplers: 3/16
[2017.03.26-17.25.25:682][907]LogMaterialEditor: Saving and Compiling material explosionMat
[2017.03.26-17.25.26:800][907]LogMaterial: Missing cached shader map for material explosionMat, compiling. 
[2017.03.26-17.25.26:818][907]LogMaterial: 0.00 seconds spent updating 1 materials, 1 interfaces, 0 instances, 0 with static permutations.
[2017.03.26-17.25.26:994][907]LogMaterial: Missing cached shader map for material explosionMat, compiling. 
[2017.03.26-17.25.27:037][907]LogMaterial: Missing cached shader map for material explosionMat, compiling. 
[2017.03.26-17.25.27:074][907]LogMaterial: 0.00 seconds spent updating 1 materials, 1 interfaces, 0 instances, 0 with static permutations.
[2017.03.26-17.25.31:806][907]LogSavePackage: Save=14.54ms
[2017.03.26-17.25.31:806][907]LogSavePackage: Moving 'D:/School/Art Institute/Classes/Social and Mobile Game Design/Milestones_New/M5T1_Trevino/Saved/explosionMatC1CBF46E413DC4EC1227C989FC016419.tmp' to 'D:/School/Art Institute/Classes/Social and Mobile Game Design/Milestones_New/M5T1_Trevino/Content/Assets/Materials/Assets/explosionMat.uasset'
[2017.03.26-17.25.31:809][907]LogSavePackage:Display: Finished SavePackage D:/School/Art Institute/Classes/Social and Mobile Game Design/Milestones_New/M5T1_Trevino/Content/Assets/Materials/Assets/explosionMat.uasset
[2017.03.26-17.25.31:831][907]MaterialEditorStats: Info Base pass shader without light map: 29 instructions
[2017.03.26-17.25.31:831][907]MaterialEditorStats: Info Vertex shader: 66 instructions
[2017.03.26-17.25.31:831][907]MaterialEditorStats: Info Texture samplers: 7/16
[2017.03.26-17.26.09:696][427]LogSavePackage: Save=30.78ms
[2017.03.26-17.26.09:696][427]LogSavePackage: Moving 'D:/School/Art Institute/Classes/Social and Mobile Game Design/Milestones_New/M5T1_Trevino/Saved/ExplosionF4B78495434AD19029D2279940B23343.tmp' to 'D:/School/Art Institute/Classes/Social and Mobile Game Design/Milestones_New/M5T1_Trevino/Content/Assets/Particles/Explosion.uasset'
[2017.03.26-17.26.09:700][427]LogSavePackage:Display: Finished SavePackage D:/School/Art Institute/Classes/Social and Mobile Game Design/Milestones_New/M5T1_Trevino/Content/Assets/Particles/Explosion.uasset
[2017.03.26-17.26.13:128][529]LogCascade: Quitting Cascade. FXSystem=0x000001E9167C2160
[2017.03.26-17.26.14:911][627]LogTemp: Repeting last play command: New Editor Window (PIE)
[2017.03.26-17.26.14:932][627]LogBlueprintUserMessages: Early PlayInEditor Detection: Level '/Game/Maps/mnMenu.mnMenu:PersistentLevel' has LevelScriptBlueprint '/Game/Maps/mnMenu.mnMenu:PersistentLevel.mnMenu' with GeneratedClass '/Game/Maps/mnMenu.mnMenu_C' with ClassGeneratedBy '/Game/Maps/mnMenu.mnMenu:PersistentLevel.mnMenu'
[2017.03.26-17.26.14:932][627]LogPlayLevel: PlayLevel: No blueprints needed recompiling
[2017.03.26-17.26.14:933][627]PIE: New page: PIE session: mnMenu (Mar 26, 2017, 9:26:14 AM)
[2017.03.26-17.26.14:933][627]LogPlayLevel: Creating play world package: /Game/Maps/UEDPIE_0_mnMenu
[2017.03.26-17.26.14:935][627]LogPlayLevel: PIE: StaticDuplicateObject took: (0.002238s)
[2017.03.26-17.26.14:936][627]LogAIModule: Creating AISystem for world mnMenu
[2017.03.26-17.26.14:937][627]LogPlayLevel: PIE: World Init took: (0.001195s)
[2017.03.26-17.26.14:937][627]LogPlayLevel: PIE: Created PIE world by copying editor world from /Game/Maps/mnMenu.mnMenu to /Game/Maps/UEDPIE_0_mnMenu.mnMenu (0.003802s)
[2017.03.26-17.26.15:080][627]LogInit: XAudio2 using '1 - LCD TV (AMD High Definition Audio Device)' : 2 channels at 48 kHz using 16 bits per sample (channel mask 0x3)
[2017.03.26-17.26.15:103][627]LogInit: FAudioDevice initialized.
[2017.03.26-17.26.15:461][627]LogLoad: Game class is 'SpaceTemplate_GameMode_C'
[2017.03.26-17.26.15:466][627]LogWorld: Bringing World /Game/Maps/UEDPIE_0_mnMenu.mnMenu up for play (max tick rate 0) at 2017.03.26-13.26.15
[2017.03.26-17.26.15:466][627]LogWorld: Bringing up level for play took: 0.002448
[2017.03.26-17.26.15:467][627]LogLinker:Warning: Can't find file '/Game/NewTouchInterface'
[2017.03.26-17.26.15:468][627]LogLinker:Warning: Can't find file '/Game/NewTouchInterface'
[2017.03.26-17.26.15:468][627]LogUObjectGlobals:Warning: Failed to find object 'TouchInterface /Game/NewTouchInterface.NewTouchInterface'
[2017.03.26-17.26.15:584][627]LogContentBrowser: Native class hierarchy updated for 'MovieSceneCapture' in 0.0010 seconds. Added 11 classes and 0 folders.
[2017.03.26-17.26.15:585][627]LogGameMode:Display: Match State Changed from EnteringMap to WaitingToStart
[2017.03.26-17.26.15:585][627]LogGameState: Match State Changed from EnteringMap to WaitingToStart
[2017.03.26-17.26.15:585][627]LogGameMode:Display: Match State Changed from WaitingToStart to InProgress
[2017.03.26-17.26.15:588][627]LogGameState: Match State Changed from WaitingToStart to InProgress
[2017.03.26-17.26.15:601][627]PIE: Info Play in editor start time for /Game/Maps/UEDPIE_0_mnMenu 1.616
[2017.03.26-17.26.15:602][627]LogBlueprintUserMessages: Late PlayInEditor Detection: Level '/Game/Maps/mnMenu.mnMenu:PersistentLevel' has LevelScriptBlueprint '/Game/Maps/mnMenu.mnMenu:PersistentLevel.mnMenu' with GeneratedClass '/Game/Maps/mnMenu.mnMenu_C' with ClassGeneratedBy '/Game/Maps/mnMenu.mnMenu:PersistentLevel.mnMenu'
[2017.03.26-17.26.15:652][627]LogRenderer: Reallocating scene render targets to support 1292x756 NumSamples 1 (Frame:7826).
[2017.03.26-17.26.17:416][728]LogGameMode:Display: Match State Changed from InProgress to LeavingMap
[2017.03.26-17.26.17:416][728]LogGameState: Match State Changed from InProgress to LeavingMap
[2017.03.26-17.26.17:416][728]LogNet: Browse: /Game/Maps/Level1
[2017.03.26-17.26.17:416][728]LogLoad: LoadMap: /Game/Maps/Level1
[2017.03.26-17.26.17:438][728]Cmd: MEM
[2017.03.26-17.26.17:456][728]LogMemory: Platform Memory Stats for Windows
[2017.03.26-17.26.17:456][728]LogMemory: Process Physical Memory: 1168.90 MB used, 1172.72 MB peak
[2017.03.26-17.26.17:456][728]LogMemory: Process Virtual Memory: 1886.06 MB used, 1890.28 MB peak
[2017.03.26-17.26.17:456][728]LogMemory: Physical Memory: 14356.23 MB used,  1974.78 MB free, 16331.01 MB total
[2017.03.26-17.26.17:457][728]LogMemory: Virtual Memory: 2653.39 MB used,  1974.78 MB free, 134217728.00 MB total
[2017.03.26-17.26.17:457][728]LogMemory: 
[2017.03.26-17.26.17:457][728]Allocator Stats for TBB: (not implemented)
[2017.03.26-17.26.22:187][728]LogAIModule: Creating AISystem for world Level1
[2017.03.26-17.26.22:188][728]LogLoad: Game class is 'SpaceTemplate_GameMode_C'
[2017.03.26-17.26.22:193][728]LogWorld: Bringing World /Game/Maps/UEDPIE_0_Level1.Level1 up for play (max tick rate 0) at 2017.03.26-13.26.22
[2017.03.26-17.26.22:194][728]LogWorld: Bringing up level for play took: 0.003732
[2017.03.26-17.26.22:194][728]LogGameMode: Warning - PATHS NOT DEFINED or NO PLAYERSTART with positive rating
[2017.03.26-17.26.22:195][728]LogLinker:Warning: Can't find file '/Game/NewTouchInterface'
[2017.03.26-17.26.22:195][728]LogLinker:Warning: Can't find file '/Game/NewTouchInterface'
[2017.03.26-17.26.22:195][728]LogUObjectGlobals:Warning: Failed to find object 'TouchInterface /Game/NewTouchInterface.NewTouchInterface'
[2017.03.26-17.26.22:195][728]LogGameMode:Display: Match State Changed from EnteringMap to WaitingToStart
[2017.03.26-17.26.22:195][728]LogGameState: Match State Changed from EnteringMap to WaitingToStart
[2017.03.26-17.26.22:195][728]LogGameMode:Display: Match State Changed from WaitingToStart to InProgress
[2017.03.26-17.26.22:199][728]LogGameState: Match State Changed from WaitingToStart to InProgress
[2017.03.26-17.26.22:199][728]LogLoad: Took 4.782628 seconds to LoadMap(/Game/Maps/Level1)
[2017.03.26-17.26.28:031][157]LogBlueprintUserMessages: Early EndPlayMap Detection: Level '/Game/Maps/mnMenu.mnMenu:PersistentLevel' has LevelScriptBlueprint '/Game/Maps/mnMenu.mnMenu:PersistentLevel.mnMenu' with GeneratedClass '/Game/Maps/mnMenu.mnMenu_C' with ClassGeneratedBy '/Game/Maps/mnMenu.mnMenu:PersistentLevel.mnMenu'
[2017.03.26-17.26.28:108][157]LogBlueprintUserMessages: Late EndPlayMap Detection: Level '/Game/Maps/mnMenu.mnMenu:PersistentLevel' has LevelScriptBlueprint '/Game/Maps/mnMenu.mnMenu:PersistentLevel.mnMenu' with GeneratedClass '/Game/Maps/mnMenu.mnMenu_C' with ClassGeneratedBy '/Game/Maps/mnMenu.mnMenu:PersistentLevel.mnMenu'
[2017.03.26-17.26.30:182][244]LogSavePackage: Save=131.64ms
[2017.03.26-17.26.30:182][244]LogSavePackage: Moving 'D:/School/Art Institute/Classes/Social and Mobile Game Design/Milestones_New/M5T1_Trevino/Saved/mnMenu9A9BC3FB42F2B351B7ABAFB17AB0BD04.tmp' to 'D:/School/Art Institute/Classes/Social and Mobile Game Design/Milestones_New/M5T1_Trevino/Content/Maps/mnMenu.umap'
[2017.03.26-17.26.30:184][244]LogSavePackage:Display: Finished SavePackage D:/School/Art Institute/Classes/Social and Mobile Game Design/Milestones_New/M5T1_Trevino/Content/Maps/mnMenu.umap
[2017.03.26-17.26.32:495][373]LogWindowsTextInputMethodSystem:Display: IME system now deactivated.
[2017.03.26-17.26.32:495][373]LogWindowsTextInputMethodSystem:Display: IME system now deactivated.
[2017.03.26-17.26.32:792][374]Cmd: QUIT_EDITOR
[2017.03.26-17.26.33:315][374]LogExit: Preparing to exit.
[2017.03.26-17.26.34:608][374]LogExit: Editor shut down
[2017.03.26-17.26.34:608][374]LogExit: Transaction tracking system shut down
[2017.03.26-17.26.34:755][374]LogObj: Freed 0b from 0 cluster array pools.
[2017.03.26-17.26.34:756][374]LogExit: Object subsystem successfully closed.
[2017.03.26-17.26.34:772][374]LogD3D11RHI: Shutdown
[2017.03.26-17.26.34:772][374]LogD3D11RHI: CleanupD3DDevice
[2017.03.26-17.26.34:981][374]LogD3D11RHI: ~FD3D11DynamicRHI
[2017.03.26-17.26.35:043][374]LogHttp:Display: Http module shutting down, but needs to wait on 1 outstanding Http requests:
[2017.03.26-17.26.35:043][374]LogHttp:Display: 	verb=[POST] url=[https://datarouter.ol.epicgames.com/datarouter/api/v1/public/data?SessionID=%7B03573C8A-4F50-77DD-4550-3C91483CB847%7D&AppID=UEEditor.Rocket.Release&AppVersion=4.14.3-3249277%2B%2B%2BUE4%2BRelease-4.14&UserID=fbc6b77745728d79af2e7faf56de3bb0%7Cebf6dfbaeb524ac7a69d9fb5a769235b%7C4a0b8bd2-7fb1-4670-9638-cfba9fb9adad&AppEnvironment=datacollector-binary&UploadType=eteventstream] status=Processing
[2017.03.26-17.26.35:074][374]LogModuleManager: Shutting down and abandoning module MovieSceneCapture (248)
[2017.03.26-17.26.35:075][374]LogModuleManager: Shutting down and abandoning module MaterialEditor (247)
[2017.03.26-17.26.35:075][374]LogModuleManager: Shutting down and abandoning module TextureEditor (246)
[2017.03.26-17.26.35:075][374]LogModuleManager: Shutting down and abandoning module DistCurveEditor (245)
[2017.03.26-17.26.35:075][374]LogModuleManager: Shutting down and abandoning module Cascade (244)
[2017.03.26-17.26.35:075][374]LogModuleManager: Shutting down and abandoning module HierarchicalLODOutliner (243)
[2017.03.26-17.26.35:075][374]LogModuleManager: Shutting down and abandoning module CrashTracker (242)
[2017.03.26-17.26.35:075][374]LogModuleManager: Shutting down and abandoning module WidgetCarousel (241)
[2017.03.26-17.26.35:075][374]LogModuleManager: Shutting down and abandoning module AddContentDialog (240)
[2017.03.26-17.26.35:075][374]LogDirectoryWatcher: A directory notification for 'C:/Program Files/Epic Games/UE_4.14/FeaturePacks/' was aborted.
[2017.03.26-17.26.35:077][374]LogModuleManager: Shutting down and abandoning module GameplayTags (239)
[2017.03.26-17.26.35:077][374]LogModuleManager: Shutting down and abandoning module EditorWidgets (238)
[2017.03.26-17.26.35:077][374]LogModuleManager: Shutting down and abandoning module CollectionManager (237)
[2017.03.26-17.26.35:078][374]LogDirectoryWatcher: A directory notification for 'D:/School/Art Institute/Classes/Social and Mobile Game Design/Milestones_New/M5T1_Trevino/Content/Collections/' was aborted.
[2017.03.26-17.26.35:078][374]LogDirectoryWatcher: A directory notification for 'D:/School/Art Institute/Classes/Social and Mobile Game Design/Milestones_New/M5T1_Trevino/Content/Developers/Jer/Collections/' was aborted.
[2017.03.26-17.26.35:078][374]LogDirectoryWatcher: A directory notification for 'D:/School/Art Institute/Classes/Social and Mobile Game Design/Milestones_New/M5T1_Trevino/Saved/Collections/' was aborted.
[2017.03.26-17.26.35:078][374]LogModuleManager: Shutting down and abandoning module SceneOutliner (236)
[2017.03.26-17.26.35:078][374]LogModuleManager: Shutting down and abandoning module StatsViewer (235)
[2017.03.26-17.26.35:078][374]LogModuleManager: Shutting down and abandoning module FoliageEdit (234)
[2017.03.26-17.26.35:078][374]LogModuleManager: Shutting down and abandoning module LandscapeEditor (233)
[2017.03.26-17.26.35:078][374]LogModuleManager: Shutting down and abandoning module SceneDepthPickerMode (232)
[2017.03.26-17.26.35:078][374]LogModuleManager: Shutting down and abandoning module ActorPickerMode (231)
[2017.03.26-17.26.35:078][374]LogModuleManager: Shutting down and abandoning module GeometryMode (230)
[2017.03.26-17.26.35:078][374]LogModuleManager: Shutting down and abandoning module TextureAlignMode (229)
[2017.03.26-17.26.35:078][374]LogModuleManager: Shutting down and abandoning module BspMode (228)
[2017.03.26-17.26.35:078][374]LogModuleManager: Shutting down and abandoning module HardwareSurvey (227)
[2017.03.26-17.26.35:078][374]LogModuleManager: Shutting down and abandoning module SequenceRecorderSections (226)
[2017.03.26-17.26.35:078][374]LogModuleManager: Shutting down and abandoning module AutomationWorker (225)
[2017.03.26-17.26.35:078][374]LogModuleManager: Shutting down and abandoning module MatineeToLevelSequence (224)
[2017.03.26-17.26.35:078][374]LogModuleManager: Shutting down and abandoning module PlacementMode (223)
[2017.03.26-17.26.35:078][374]LogModuleManager: Shutting down and abandoning module LevelSequenceEditor (222)
[2017.03.26-17.26.35:078][374]LogModuleManager: Shutting down and abandoning module WmfMediaFactory (221)
[2017.03.26-17.26.35:078][374]LogModuleManager: Shutting down and abandoning module WmfMediaEditor (220)
[2017.03.26-17.26.35:078][374]LogModuleManager: Shutting down and abandoning module AvfMediaFactory (219)
[2017.03.26-17.26.35:078][374]LogModuleManager: Shutting down and abandoning module AvfMediaEditor (218)
[2017.03.26-17.26.35:078][374]LogModuleManager: Shutting down and abandoning module Media (217)
[2017.03.26-17.26.35:078][374]LogModuleManager: Shutting down and abandoning module AndroidMediaFactory (216)
[2017.03.26-17.26.35:078][374]LogModuleManager: Shutting down and abandoning module AndroidMediaEditor (215)
[2017.03.26-17.26.35:078][374]LogModuleManager: Shutting down and abandoning module CharacterAI (214)
[2017.03.26-17.26.35:078][374]LogModuleManager: Shutting down and abandoning module SequenceRecorder (213)
[2017.03.26-17.26.35:078][374]LogModuleManager: Shutting down and abandoning module AudioCapture (212)
[2017.03.26-17.26.35:078][374]LogModuleManager: Shutting down and abandoning module SmartSnapping (211)
[2017.03.26-17.26.35:078][374]LogModuleManager: Shutting down and abandoning module SessionServices (210)
[2017.03.26-17.26.35:078][374]LogModuleManager: Shutting down and abandoning module ViewportSnapping (209)
[2017.03.26-17.26.35:078][374]LogModuleManager: Shutting down and abandoning module ViewportInteraction (208)
[2017.03.26-17.26.35:078][374]LogModuleManager: Shutting down and abandoning module LogVisualizer (207)
[2017.03.26-17.26.35:079][374]LogModuleManager: Shutting down and abandoning module GameProjectGeneration (206)
[2017.03.26-17.26.35:079][374]LogModuleManager: Shutting down and abandoning module IntroTutorials (205)
[2017.03.26-17.26.35:079][374]LogModuleManager: Shutting down and abandoning module EditorLiveStreaming (204)
[2017.03.26-17.26.35:079][374]LogModuleManager: Shutting down and abandoning module IOSPlatformEditor (203)
[2017.03.26-17.26.35:079][374]LogModuleManager: Shutting down and abandoning module HTML5PlatformEditor (202)
[2017.03.26-17.26.35:079][374]LogModuleManager: Shutting down and abandoning module AndroidDeviceDetection (201)
[2017.03.26-17.26.35:854][374]LogModuleManager: Shutting down and abandoning module AndroidPlatformEditor (200)
[2017.03.26-17.26.35:855][374]LogModuleManager: Shutting down and abandoning module IOSRuntimeSettings (199)
[2017.03.26-17.26.35:855][374]LogModuleManager: Shutting down and abandoning module AndroidRuntimeSettings (198)
[2017.03.26-17.26.35:855][374]LogModuleManager: Shutting down and abandoning module InputBindingEditor (197)
[2017.03.26-17.26.35:855][374]LogModuleManager: Shutting down and abandoning module NiagaraEditor (196)
[2017.03.26-17.26.35:855][374]LogModuleManager: Shutting down and abandoning module MergeActors (195)
[2017.03.26-17.26.35:855][374]LogModuleManager: Shutting down and abandoning module SizeMap (194)
[2017.03.26-17.26.35:855][374]LogModuleManager: Shutting down and abandoning module TreeMap (193)
[2017.03.26-17.26.35:855][374]LogModuleManager: Shutting down and abandoning module ReferenceViewer (192)
[2017.03.26-17.26.35:855][374]LogModuleManager: Shutting down and abandoning module LocalizationService (191)
[2017.03.26-17.26.35:855][374]LogModuleManager: Shutting down and abandoning module LocalizationDashboard (190)
[2017.03.26-17.26.35:855][374]LogModuleManager: Shutting down and abandoning module HardwareTargeting (189)
[2017.03.26-17.26.35:856][374]LogModuleManager: Shutting down and abandoning module DeviceProfileEditor (188)
[2017.03.26-17.26.35:856][374]LogModuleManager: Shutting down and abandoning module UndoHistory (187)
[2017.03.26-17.26.35:856][374]LogModuleManager: Shutting down and abandoning module UserFeedback (186)
[2017.03.26-17.26.35:856][374]LogModuleManager: Shutting down and abandoning module XmlParser (185)
[2017.03.26-17.26.35:856][374]LogModuleManager: Shutting down and abandoning module Blutility (184)
[2017.03.26-17.26.35:856][374]LogModuleManager: Shutting down and abandoning module ProjectTargetPlatformEditor (183)
[2017.03.26-17.26.35:856][374]LogModuleManager: Shutting down and abandoning module ProjectSettingsViewer (182)
[2017.03.26-17.26.35:857][374]LogModuleManager: Shutting down and abandoning module EditorSettingsViewer (181)
[2017.03.26-17.26.35:857][374]LogModuleManager: Shutting down and abandoning module SettingsEditor (180)
[2017.03.26-17.26.35:857][374]LogModuleManager: Shutting down and abandoning module ProjectLauncher (179)
[2017.03.26-17.26.35:857][374]LogModuleManager: Shutting down and abandoning module SessionFrontend (178)
[2017.03.26-17.26.35:857][374]LogModuleManager: Shutting down and abandoning module ProfilerClient (177)
[2017.03.26-17.26.35:857][374]LogModuleManager: Shutting down and abandoning module TargetDeviceServices (176)
[2017.03.26-17.26.35:857][374]LogModuleManager: Shutting down and abandoning module DeviceManager (175)
[2017.03.26-17.26.35:903][374]LogModuleManager: Shutting down and abandoning module AutomationController (174)
[2017.03.26-17.26.35:903][374]LogModuleManager: Shutting down and abandoning module AutomationWindow (173)
[2017.03.26-17.26.35:903][374]LogModuleManager: Shutting down and abandoning module Layers (172)
[2017.03.26-17.26.35:903][374]LogModuleManager: Shutting down and abandoning module ComponentVisualizers (171)
[2017.03.26-17.26.35:903][374]LogModuleManager: Shutting down and abandoning module DetailCustomizations (170)
[2017.03.26-17.26.35:903][374]LogModuleManager: Shutting down and abandoning module PackagesDialog (169)
[2017.03.26-17.26.35:904][374]LogModuleManager: Shutting down and abandoning module AnimGraph (168)
[2017.03.26-17.26.35:904][374]LogModuleManager: Shutting down and abandoning module Persona (167)
[2017.03.26-17.26.35:904][374]LogModuleManager: Shutting down and abandoning module Kismet (166)
[2017.03.26-17.26.35:908][374]LogModuleManager: Shutting down and abandoning module GraphEditor (165)
[2017.03.26-17.26.35:908][374]LogModuleManager: Shutting down and abandoning module ClassViewer (164)
[2017.03.26-17.26.35:908][374]LogModuleManager: Shutting down and abandoning module Toolbox (163)
[2017.03.26-17.26.35:908][374]LogModuleManager: Shutting down and abandoning module ModuleUI (162)
[2017.03.26-17.26.35:908][374]LogModuleManager: Shutting down and abandoning module MovieSceneTools (161)
[2017.03.26-17.26.35:908][374]LogModuleManager: Shutting down and abandoning module OutputLog (160)
[2017.03.26-17.26.35:908][374]LogModuleManager: Shutting down and abandoning module GammaUI (159)
[2017.03.26-17.26.35:908][374]LogModuleManager: Shutting down and abandoning module Documentation (158)
[2017.03.26-17.26.35:909][374]LogModuleManager: Shutting down and abandoning module Niagara (157)
[2017.03.26-17.26.35:909][374]LogModuleManager: Shutting down and abandoning module StreamingPauseRendering (156)
[2017.03.26-17.26.35:909][374]LogModuleManager: Shutting down and abandoning module AnalyticsET (155)
[2017.03.26-17.26.35:909][374]LogModuleManager: Shutting down and abandoning module PortalServices (154)
[2017.03.26-17.26.35:909][374]LogModuleManager: Shutting down and abandoning module PortalRpc (153)
[2017.03.26-17.26.35:909][374]LogModuleManager: Shutting down and abandoning module MessagingRpc (152)
[2017.03.26-17.26.35:909][374]LogModuleManager: Shutting down and abandoning module GameplayDebugger (151)
[2017.03.26-17.26.35:909][374]LogModuleManager: Shutting down and abandoning module AITestSuite (150)
[2017.03.26-17.26.35:909][374]LogModuleManager: Shutting down and abandoning module AIModule (149)
[2017.03.26-17.26.35:909][374]LogModuleManager: Shutting down and abandoning module ProfilerService (148)
[2017.03.26-17.26.36:058][374]LogModuleManager: Shutting down and abandoning module TaskGraph (147)
[2017.03.26-17.26.36:058][374]LogModuleManager: Shutting down and abandoning module SlateRemote (146)
[2017.03.26-17.26.36:058][374]LogModuleManager: Shutting down and abandoning module SteamVRController (145)
[2017.03.26-17.26.36:058][374]LogModuleManager: Shutting down and abandoning module SteamVR (144)
[2017.03.26-17.26.36:058][374]LogModuleManager: Shutting down and abandoning module ProceduralMeshComponentEditor (143)
[2017.03.26-17.26.36:058][374]LogModuleManager: Shutting down and abandoning module ProceduralMeshComponent (142)
[2017.03.26-17.26.36:058][374]LogModuleManager: Shutting down and abandoning module OculusLibrary (141)
[2017.03.26-17.26.36:058][374]LogModuleManager: Shutting down and abandoning module OculusInput (140)
[2017.03.26-17.26.36:058][374]LogModuleManager: Shutting down and abandoning module MobilePatchingUtils (139)
[2017.03.26-17.26.36:058][374]LogModuleManager: Shutting down and abandoning module CustomMeshComponent (138)
[2017.03.26-17.26.36:058][374]LogModuleManager: Shutting down and abandoning module CableComponent (137)
[2017.03.26-17.26.36:058][374]LogModuleManager: Shutting down and abandoning module ArchVisCharacter (136)
[2017.03.26-17.26.36:058][374]LogModuleManager: Shutting down and abandoning module MediaPlayerEditor (134)
[2017.03.26-17.26.36:059][374]LogModuleManager: Shutting down and abandoning module LowEntryExtendedStandardLibraryEditor (133)
[2017.03.26-17.26.36:059][374]LogModuleManager: Shutting down and abandoning module HTML5Networking (132)
[2017.03.26-17.26.36:059][374]LogModuleManager: Shutting down and abandoning module GeometryCacheEd (131)
[2017.03.26-17.26.36:059][374]LogModuleManager: Shutting down and abandoning module GeometryCache (130)
[2017.03.26-17.26.36:059][374]LogModuleManager: Shutting down and abandoning module AlembicLibrary (129)
[2017.03.26-17.26.36:059][374]LogModuleManager: Shutting down and abandoning module AlembicImporter (128)
[2017.03.26-17.26.36:059][374]LogModuleManager: Shutting down and abandoning module SuperSearch (127)
[2017.03.26-17.26.36:059][374]LogModuleManager: Shutting down and abandoning module SuperSearchEditor (126)
[2017.03.26-17.26.36:059][374]LogModuleManager: Shutting down and abandoning module SpeedTreeImporter (125)
[2017.03.26-17.26.36:059][374]LogModuleManager: Shutting down and abandoning module PluginBrowser (124)
[2017.03.26-17.26.36:059][374]LogModuleManager: Shutting down and abandoning module MobileLauncherProfileWizard (123)
[2017.03.26-17.26.36:059][374]LogModuleManager: Shutting down and abandoning module EpicSurvey (122)
[2017.03.26-17.26.36:059][374]LogModuleManager: Shutting down and abandoning module DesktopPlatform (121)
[2017.03.26-17.26.36:059][374]LogModuleManager: Shutting down and abandoning module VisualStudioSourceCodeAccess (120)
[2017.03.26-17.26.36:059][374]LogModuleManager: Shutting down and abandoning module UObjectPlugin (119)
[2017.03.26-17.26.36:059][374]LogModuleManager: Shutting down and abandoning module SubversionSourceControl (118)
[2017.03.26-17.26.36:059][374]LogModuleManager: Shutting down and abandoning module PerforceSourceControl (117)
[2017.03.26-17.26.36:059][374]LogModuleManager: Shutting down and abandoning module SourceControl (116)
[2017.03.26-17.26.36:060][374]LogModuleManager: Shutting down and abandoning module GitSourceControl (115)
[2017.03.26-17.26.36:060][374]LogModuleManager: Shutting down and abandoning module LightPropagationVolumeEditor (114)
[2017.03.26-17.26.36:060][374]LogModuleManager: Shutting down and abandoning module PaperTiledImporter (113)
[2017.03.26-17.26.36:060][374]LogModuleManager: Shutting down and abandoning module PaperSpriteSheetImporter (112)
[2017.03.26-17.26.36:060][374]LogModuleManager: Shutting down and abandoning module MeshPaint (111)
[2017.03.26-17.26.36:060][374]LogModuleManager: Shutting down and abandoning module PixelInspectorModule (110)
[2017.03.26-17.26.36:061][374]LogModuleManager: Shutting down and abandoning module HotReload (109)
[2017.03.26-17.26.36:062][374]LogModuleManager: Shutting down and abandoning module MainFrame (108)
[2017.03.26-17.26.36:062][374]LogModuleManager: Shutting down and abandoning module LevelEditor (107)
[2017.03.26-17.26.36:063][374]LogModuleManager: Shutting down and abandoning module ContentBrowser (106)
[2017.03.26-17.26.36:065][374]LogModuleManager: Shutting down and abandoning module Paper2DEditor (105)
[2017.03.26-17.26.36:065][374]LogModuleManager: Shutting down and abandoning module UdpMessaging (104)
[2017.03.26-17.26.36:166][374]LogModuleManager: Shutting down and abandoning module TcpMessaging (103)
[2017.03.26-17.26.36:267][374]LogModuleManager: Shutting down and abandoning module LowEntryExtendedStandardLibrary (102)
[2017.03.26-17.26.36:267][374]LogModuleManager: Shutting down and abandoning module LightPropagationVolumeRuntime (101)
[2017.03.26-17.26.36:267][374]LogModuleManager: Shutting down and abandoning module Paper2D (100)
[2017.03.26-17.26.36:267][374]LogModuleManager: Shutting down and abandoning module WindowsMoviePlayer (99)
[2017.03.26-17.26.36:267][374]LogModuleManager: Shutting down and abandoning module WmfMedia (98)
[2017.03.26-17.26.36:267][374]LogModuleManager: Shutting down and abandoning module MediaAssets (97)
[2017.03.26-17.26.36:267][374]LogModuleManager: Shutting down and abandoning module GameLiveStreaming (96)
[2017.03.26-17.26.36:267][374]LogModuleManager: Shutting down and abandoning module GameplayTagsEditor (95)
[2017.03.26-17.26.36:267][374]LogModuleManager: Shutting down and abandoning module VREditor (94)
[2017.03.26-17.26.36:267][374]LogModuleManager: Shutting down and abandoning module GameplayTasksEditor (93)
[2017.03.26-17.26.36:267][374]LogModuleManager: Shutting down and abandoning module BehaviorTreeEditor (92)
[2017.03.26-17.26.36:267][374]LogModuleManager: Shutting down and abandoning module FunctionalTesting (91)
[2017.03.26-17.26.36:267][374]LogModuleManager: Shutting down and abandoning module CollisionAnalyzer (90)
[2017.03.26-17.26.36:267][374]LogModuleManager: Shutting down and abandoning module Sequencer (89)
[2017.03.26-17.26.36:267][374]LogModuleManager: Shutting down and abandoning module WorkspaceMenuStructure (88)
[2017.03.26-17.26.36:267][374]LogModuleManager: Shutting down and abandoning module MessageLog (87)
[2017.03.26-17.26.36:267][374]LogModuleManager: Shutting down and abandoning module AssetTools (86)
[2017.03.26-17.26.36:267][374]LogModuleManager: Shutting down and abandoning module UMGEditor (85)
[2017.03.26-17.26.36:267][374]LogModuleManager: Shutting down and abandoning module UMG (84)
[2017.03.26-17.26.36:267][374]LogModuleManager: Shutting down and abandoning module SlateReflector (83)
[2017.03.26-17.26.36:267][374]LogModuleManager: Shutting down and abandoning module Slate (82)
[2017.03.26-17.26.36:267][374]LogModuleManager: Shutting down and abandoning module EditorStyle (81)
[2017.03.26-17.26.36:272][374]LogModuleManager: Shutting down and abandoning module SourceCodeAccess (80)
[2017.03.26-17.26.36:272][374]LogModuleManager: Shutting down and abandoning module HeadMountedDisplay (79)
[2017.03.26-17.26.36:272][374]LogModuleManager: Shutting down and abandoning module XAudio2 (78)
[2017.03.26-17.26.36:273][374]LogModuleManager: Shutting down and abandoning module Networking (76)
[2017.03.26-17.26.36:273][374]LogModuleManager: Shutting down and abandoning module Core (75)
[2017.03.26-17.26.36:273][374]LogModuleManager: Shutting down and abandoning module DirectoryWatcher (74)
[2017.03.26-17.26.36:273][374]LogDirectoryWatcher: A directory notification for '../../../Engine/Content/' was aborted.
[2017.03.26-17.26.36:273][374]LogDirectoryWatcher: A directory notification for 'D:/School/Art Institute/Classes/Social and Mobile Game Design/Milestones_New/M5T1_Trevino/Content/' was aborted.
[2017.03.26-17.26.36:273][374]LogDirectoryWatcher: A directory notification for '../../../Engine/Plugins/2D/Paper2D/Content/' was aborted.
[2017.03.26-17.26.36:273][374]LogDirectoryWatcher: A directory notification for '../../../Engine/Plugins/Marketplace/LowEntryExtStdLib/Content/' was aborted.
[2017.03.26-17.26.36:274][374]LogModuleManager: Shutting down and abandoning module AssetRegistry (73)
[2017.03.26-17.26.36:449][374]LogModuleManager: Shutting down and abandoning module KismetCompiler (72)
[2017.03.26-17.26.36:449][374]LogModuleManager: Shutting down and abandoning module PhysXFormats (71)
[2017.03.26-17.26.36:449][374]LogModuleManager: Shutting down and abandoning module SimplygonSwarm (70)
[2017.03.26-17.26.36:449][374]LogModuleManager: Shutting down and abandoning module SimplygonMeshReduction (69)
[2017.03.26-17.26.36:449][374]LogModuleManager: Shutting down and abandoning module QuadricMeshReduction (68)
[2017.03.26-17.26.36:449][374]LogModuleManager: Shutting down and abandoning module PropertyEditor (67)
[2017.03.26-17.26.36:449][374]LogModuleManager: Shutting down and abandoning module MeshUtilities (66)
[2017.03.26-17.26.36:449][374]LogModuleManager: Shutting down and abandoning module DerivedDataCache (65)
[2017.03.26-17.26.36:452][374]LogDerivedDataCache: Shutdown
[2017.03.26-17.26.36:452][374]LogModuleManager: Shutting down and abandoning module VulkanShaderFormat (64)
[2017.03.26-17.26.36:453][374]LogModuleManager: Shutting down and abandoning module ShaderFormatOpenGL (63)
[2017.03.26-17.26.36:453][374]LogModuleManager: Shutting down and abandoning module ShaderFormatD3D (62)
[2017.03.26-17.26.36:453][374]LogModuleManager: Shutting down and abandoning module MetalShaderFormat (61)
[2017.03.26-17.26.36:453][374]LogModuleManager: Shutting down and abandoning module TextureFormatUncompressed (60)
[2017.03.26-17.26.36:453][374]LogModuleManager: Shutting down and abandoning module TextureFormatPVR (59)
[2017.03.26-17.26.36:453][374]LogModuleManager: Shutting down and abandoning module TextureFormatDXT (58)
[2017.03.26-17.26.36:453][374]LogModuleManager: Shutting down and abandoning module TextureFormatIntelISPCTexComp (57)
[2017.03.26-17.26.36:453][374]LogModuleManager: Shutting down and abandoning module ImageWrapper (56)
[2017.03.26-17.26.36:453][374]LogModuleManager: Shutting down and abandoning module TextureFormatASTC (55)
[2017.03.26-17.26.36:453][374]LogModuleManager: Shutting down and abandoning module TextureFormatAndroid (54)
[2017.03.26-17.26.36:453][374]LogModuleManager: Shutting down and abandoning module AudioFormatOpus (53)
[2017.03.26-17.26.36:454][374]LogModuleManager: Shutting down and abandoning module AudioFormatOgg (52)
[2017.03.26-17.26.36:454][374]LogModuleManager: Shutting down and abandoning module AudioFormatADPCM (51)
[2017.03.26-17.26.36:454][374]LogModuleManager: Shutting down and abandoning module LinuxTargetPlatform (50)
[2017.03.26-17.26.36:454][374]LogModuleManager: Shutting down and abandoning module LinuxServerTargetPlatform (49)
[2017.03.26-17.26.36:454][374]LogModuleManager: Shutting down and abandoning module LinuxNoEditorTargetPlatform (48)
[2017.03.26-17.26.36:454][374]LogModuleManager: Shutting down and abandoning module LinuxClientTargetPlatform (47)
[2017.03.26-17.26.36:454][374]LogModuleManager: Shutting down and abandoning module TVOSTargetPlatform (46)
[2017.03.26-17.26.36:454][374]LogModuleManager: Shutting down and abandoning module Messaging (45)
[2017.03.26-17.26.36:454][374]LogModuleManager: Shutting down and abandoning module IOSTargetPlatform (44)
[2017.03.26-17.26.36:454][374]LogModuleManager: Shutting down and abandoning module HTML5TargetPlatform (43)
[2017.03.26-17.26.36:454][374]LogModuleManager: Shutting down and abandoning module Android_PVRTCTargetPlatform (42)
[2017.03.26-17.26.36:454][374]LogModuleManager: Shutting down and abandoning module Android_MultiTargetPlatform (41)
[2017.03.26-17.26.36:454][374]LogModuleManager: Shutting down and abandoning module Android_ETC2TargetPlatform (40)
[2017.03.26-17.26.36:454][374]LogModuleManager: Shutting down and abandoning module Android_ETC1TargetPlatform (39)
[2017.03.26-17.26.36:454][374]LogModuleManager: Shutting down and abandoning module Android_DXTTargetPlatform (38)
[2017.03.26-17.26.36:454][374]LogModuleManager: Shutting down and abandoning module Android_ATCTargetPlatform (37)
[2017.03.26-17.26.36:454][374]LogModuleManager: Shutting down and abandoning module Android_ASTCTargetPlatform (36)
[2017.03.26-17.26.36:454][374]LogModuleManager: Shutting down and abandoning module AndroidTargetPlatform (35)
[2017.03.26-17.26.36:454][374]LogModuleManager: Shutting down and abandoning module WindowsTargetPlatform (34)
[2017.03.26-17.26.36:454][374]LogModuleManager: Shutting down and abandoning module WindowsServerTargetPlatform (33)
[2017.03.26-17.26.36:454][374]LogModuleManager: Shutting down and abandoning module WindowsNoEditorTargetPlatform (32)
[2017.03.26-17.26.36:454][374]LogModuleManager: Shutting down and abandoning module WindowsClientTargetPlatform (31)
[2017.03.26-17.26.36:454][374]LogModuleManager: Shutting down and abandoning module MacTargetPlatform (30)
[2017.03.26-17.26.36:454][374]LogModuleManager: Shutting down and abandoning module MacServerTargetPlatform (29)
[2017.03.26-17.26.36:454][374]LogModuleManager: Shutting down and abandoning module MacNoEditorTargetPlatform (28)
[2017.03.26-17.26.36:454][374]LogModuleManager: Shutting down and abandoning module MacClientTargetPlatform (27)
[2017.03.26-17.26.36:454][374]LogModuleManager: Shutting down and abandoning module AllDesktopTargetPlatform (26)
[2017.03.26-17.26.36:454][374]LogModuleManager: Shutting down and abandoning module TargetPlatform (25)
[2017.03.26-17.26.36:454][374]LogModuleManager: Shutting down and abandoning module InputCore (24)
[2017.03.26-17.26.36:454][374]LogModuleManager: Shutting down and abandoning module Settings (23)
[2017.03.26-17.26.36:454][374]LogModuleManager: Shutting down and abandoning module OculusRift (22)
[2017.03.26-17.26.36:454][374]LogModuleManager: Shutting down and abandoning module ExampleDeviceProfileSelector (21)
[2017.03.26-17.26.36:454][374]LogModuleManager: Shutting down and abandoning module OnlineBlueprintSupport (20)
[2017.03.26-17.26.36:454][374]LogModuleManager: Shutting down and abandoning module OnlineSubsystem (18)
[2017.03.26-17.26.36:454][374]LogOnline:Display: Unloading online subsystem: NULL
[2017.03.26-17.26.36:455][374]LogModuleManager: Shutting down and abandoning module SSL (17)
[2017.03.26-17.26.36:458][374]LogModuleManager: Shutting down and abandoning module HTTP (16)
[2017.03.26-17.26.36:458][374]LogModuleManager: Shutting down and abandoning module XMPP (15)
[2017.03.26-17.26.36:458][374]LogModuleManager: Shutting down and abandoning module TextureCompressor (14)
[2017.03.26-17.26.36:458][374]LogModuleManager: Shutting down and abandoning module ShaderCore (13)
[2017.03.26-17.26.36:458][374]LogModuleManager: Shutting down and abandoning module Landscape (12)
[2017.03.26-17.26.36:458][374]LogModuleManager: Shutting down and abandoning module SlateRHIRenderer (11)
[2017.03.26-17.26.36:461][374]LogModuleManager: Shutting down and abandoning module OpenGLDrv (10)
[2017.03.26-17.26.36:461][374]LogModuleManager: Shutting down and abandoning module D3D11RHI (9)
[2017.03.26-17.26.36:461][374]LogModuleManager: Shutting down and abandoning module AnimGraphRuntime (8)
[2017.03.26-17.26.36:461][374]LogModuleManager: Shutting down and abandoning module Renderer (7)
[2017.03.26-17.26.36:461][374]LogModuleManager: Shutting down and abandoning module Engine (6)
[2017.03.26-17.26.36:461][374]LogModuleManager: Shutting down and abandoning module CoreUObject (5)
[2017.03.26-17.26.36:461][374]LogModuleManager: Shutting down and abandoning module NetworkFile (4)
[2017.03.26-17.26.36:461][374]LogModuleManager: Shutting down and abandoning module StreamingFile (3)
[2017.03.26-17.26.36:461][374]LogModuleManager: Shutting down and abandoning module SandboxFile (2)
[2017.03.26-17.26.36:461][374]LogModuleManager: Shutting down and abandoning module PakFile (1)
[2017.03.26-17.26.36:465][374]LogExit: Exiting.
[2017.03.26-17.26.36:467][374]Log file closed, 03/26/17 13:26:36
